<html>
<head>
<title>TestNG:  Ansari</title>
<link href="../testng.css" rel="stylesheet" type="text/css" />
<link href="../my-testng.css" rel="stylesheet" type="text/css" />

<style type="text/css">
.log { display: none;} 
.stack-trace { display: none;} 
</style>
<script type="text/javascript">
<!--
function flip(e) {
  current = e.style.display;
  if (current == 'block') {
    e.style.display = 'none';
    return 0;
  }
  else {
    e.style.display = 'block';
    return 1;
  }
}

function toggleBox(szDivId, elem, msg1, msg2)
{
  var res = -1;  if (document.getElementById) {
    res = flip(document.getElementById(szDivId));
  }
  else if (document.all) {
    // this is the way old msie versions work
    res = flip(document.all[szDivId]);
  }
  if(elem) {
    if(res == 0) elem.innerHTML = msg1; else elem.innerHTML = msg2;
  }

}

function toggleAllBoxes() {
  if (document.getElementsByTagName) {
    d = document.getElementsByTagName('div');
    for (i = 0; i < d.length; i++) {
      if (d[i].className == 'log') {
        flip(d[i]);
      }
    }
  }
}

// -->
</script>

</head>
<body>
<h2 align='center'>Ansari</h2><table border='1' align="center">
<tr>
<td>Tests passed/Failed/Skipped:</td><td>16/3/0</td>
</tr><tr>
<td>Started on:</td><td>Fri Jun 10 00:49:39 IST 2016</td>
</tr>
<tr><td>Total time:</td><td>57 seconds (57020 ms)</td>
</tr><tr>
<td>Included groups:</td><td></td>
</tr><tr>
<td>Excluded groups:</td><td></td>
</tr>
</table><p/>
<small><i>(Hover the method name to see the test class name)</i></small><p/>
<table width='100%' border='1' class='invocation-failed'>
<tr><td colspan='4' align='center'><b>FAILED TESTS</b></td></tr>
<tr><td><b>Test method</b></td>
<td width="30%"><b>Exception</b></td>
<td width="10%"><b>Time (seconds)</b></td>
<td><b>Instance</b></td>
</tr>
<tr>
<td title='TestNG.DDT_2DA.DDT()'><b>DDT</b><br>Test class: TestNG.DDT_2DA<br>Parameters: admin, demo</td>
<td><div><pre>java.lang.AssertionError: user is able to login sucessfully expected [true] but found [false]
	at TestNG.DDT_2DA.DDT(DDT_2DA.java:28)
... Removed 27 stack frames</pre></div><a href='#' onClick='toggleBox("stack-trace22056029", this, "Click to show all stack frames", "Click to hide stack frames")'>Click to show all stack frames</a>
<div class='stack-trace' id='stack-trace22056029'><pre>java.lang.AssertionError: user is able to login sucessfully expected [true] but found [false]
	at org.testng.Assert.fail(Assert.java:94)
	at org.testng.Assert.failNotEquals(Assert.java:494)
	at org.testng.Assert.assertTrue(Assert.java:42)
	at TestNG.DDT_2DA.DDT(DDT_2DA.java:28)
	at sun.reflect.NativeMethodAccessorImpl.invoke0(Native Method)
	at sun.reflect.NativeMethodAccessorImpl.invoke(Unknown Source)
	at sun.reflect.DelegatingMethodAccessorImpl.invoke(Unknown Source)
	at java.lang.reflect.Method.invoke(Unknown Source)
	at org.testng.internal.MethodInvocationHelper.invokeMethod(MethodInvocationHelper.java:84)
	at org.testng.internal.Invoker.invokeMethod(Invoker.java:714)
	at org.testng.internal.Invoker.invokeTestMethod(Invoker.java:901)
	at org.testng.internal.Invoker.invokeTestMethods(Invoker.java:1231)
	at org.testng.internal.TestMethodWorker.invokeTestMethods(TestMethodWorker.java:127)
	at org.testng.internal.TestMethodWorker.run(TestMethodWorker.java:111)
	at org.testng.TestRunner.privateRun(TestRunner.java:767)
	at org.testng.TestRunner.run(TestRunner.java:617)
	at org.testng.SuiteRunner.runTest(SuiteRunner.java:334)
	at org.testng.SuiteRunner.runSequentially(SuiteRunner.java:329)
	at org.testng.SuiteRunner.privateRun(SuiteRunner.java:291)
	at org.testng.SuiteRunner.run(SuiteRunner.java:240)
	at org.testng.SuiteRunnerWorker.runSuite(SuiteRunnerWorker.java:52)
	at org.testng.SuiteRunnerWorker.run(SuiteRunnerWorker.java:86)
	at org.testng.TestNG.runSuitesSequentially(TestNG.java:1224)
	at org.testng.TestNG.runSuitesLocally(TestNG.java:1149)
	at org.testng.TestNG.run(TestNG.java:1057)
	at org.testng.remote.AbstractRemoteTestNG.run(AbstractRemoteTestNG.java:126)
	at org.testng.remote.RemoteTestNG.initAndRun(RemoteTestNG.java:137)
	at org.testng.remote.RemoteTestNG.main(RemoteTestNG.java:58)
</pre></div></td>
<td>21</td>
<td>TestNG.DDT_2DA@166e5bd</td></tr>
<tr>
<td title='TestNG.DDT_2DA.DDT()'><b>DDT</b><br>Test class: TestNG.DDT_2DA<br>Parameters: admin, demo123</td>
<td><div><pre>java.lang.AssertionError: user is able to login sucessfully expected [true] but found [false]
	at TestNG.DDT_2DA.DDT(DDT_2DA.java:28)
... Removed 27 stack frames</pre></div><a href='#' onClick='toggleBox("stack-trace28073883", this, "Click to show all stack frames", "Click to hide stack frames")'>Click to show all stack frames</a>
<div class='stack-trace' id='stack-trace28073883'><pre>java.lang.AssertionError: user is able to login sucessfully expected [true] but found [false]
	at org.testng.Assert.fail(Assert.java:94)
	at org.testng.Assert.failNotEquals(Assert.java:494)
	at org.testng.Assert.assertTrue(Assert.java:42)
	at TestNG.DDT_2DA.DDT(DDT_2DA.java:28)
	at sun.reflect.NativeMethodAccessorImpl.invoke0(Native Method)
	at sun.reflect.NativeMethodAccessorImpl.invoke(Unknown Source)
	at sun.reflect.DelegatingMethodAccessorImpl.invoke(Unknown Source)
	at java.lang.reflect.Method.invoke(Unknown Source)
	at org.testng.internal.MethodInvocationHelper.invokeMethod(MethodInvocationHelper.java:84)
	at org.testng.internal.Invoker.invokeMethod(Invoker.java:714)
	at org.testng.internal.Invoker.invokeTestMethod(Invoker.java:901)
	at org.testng.internal.Invoker.invokeTestMethods(Invoker.java:1231)
	at org.testng.internal.TestMethodWorker.invokeTestMethods(TestMethodWorker.java:127)
	at org.testng.internal.TestMethodWorker.run(TestMethodWorker.java:111)
	at org.testng.TestRunner.privateRun(TestRunner.java:767)
	at org.testng.TestRunner.run(TestRunner.java:617)
	at org.testng.SuiteRunner.runTest(SuiteRunner.java:334)
	at org.testng.SuiteRunner.runSequentially(SuiteRunner.java:329)
	at org.testng.SuiteRunner.privateRun(SuiteRunner.java:291)
	at org.testng.SuiteRunner.run(SuiteRunner.java:240)
	at org.testng.SuiteRunnerWorker.runSuite(SuiteRunnerWorker.java:52)
	at org.testng.SuiteRunnerWorker.run(SuiteRunnerWorker.java:86)
	at org.testng.TestNG.runSuitesSequentially(TestNG.java:1224)
	at org.testng.TestNG.runSuitesLocally(TestNG.java:1149)
	at org.testng.TestNG.run(TestNG.java:1057)
	at org.testng.remote.AbstractRemoteTestNG.run(AbstractRemoteTestNG.java:126)
	at org.testng.remote.RemoteTestNG.initAndRun(RemoteTestNG.java:137)
	at org.testng.remote.RemoteTestNG.main(RemoteTestNG.java:58)
</pre></div></td>
<td>17</td>
<td>TestNG.DDT_2DA@166e5bd</td></tr>
<tr>
<td title='TestNG.DDT_2DA.DDT()'><b>DDT</b><br>Test class: TestNG.DDT_2DA<br>Parameters: admin2, demo2</td>
<td><div><pre>java.lang.AssertionError: user is able to login sucessfully expected [true] but found [false]
	at TestNG.DDT_2DA.DDT(DDT_2DA.java:28)
... Removed 27 stack frames</pre></div><a href='#' onClick='toggleBox("stack-trace9777982", this, "Click to show all stack frames", "Click to hide stack frames")'>Click to show all stack frames</a>
<div class='stack-trace' id='stack-trace9777982'><pre>java.lang.AssertionError: user is able to login sucessfully expected [true] but found [false]
	at org.testng.Assert.fail(Assert.java:94)
	at org.testng.Assert.failNotEquals(Assert.java:494)
	at org.testng.Assert.assertTrue(Assert.java:42)
	at TestNG.DDT_2DA.DDT(DDT_2DA.java:28)
	at sun.reflect.NativeMethodAccessorImpl.invoke0(Native Method)
	at sun.reflect.NativeMethodAccessorImpl.invoke(Unknown Source)
	at sun.reflect.DelegatingMethodAccessorImpl.invoke(Unknown Source)
	at java.lang.reflect.Method.invoke(Unknown Source)
	at org.testng.internal.MethodInvocationHelper.invokeMethod(MethodInvocationHelper.java:84)
	at org.testng.internal.Invoker.invokeMethod(Invoker.java:714)
	at org.testng.internal.Invoker.invokeTestMethod(Invoker.java:901)
	at org.testng.internal.Invoker.invokeTestMethods(Invoker.java:1231)
	at org.testng.internal.TestMethodWorker.invokeTestMethods(TestMethodWorker.java:127)
	at org.testng.internal.TestMethodWorker.run(TestMethodWorker.java:111)
	at org.testng.TestRunner.privateRun(TestRunner.java:767)
	at org.testng.TestRunner.run(TestRunner.java:617)
	at org.testng.SuiteRunner.runTest(SuiteRunner.java:334)
	at org.testng.SuiteRunner.runSequentially(SuiteRunner.java:329)
	at org.testng.SuiteRunner.privateRun(SuiteRunner.java:291)
	at org.testng.SuiteRunner.run(SuiteRunner.java:240)
	at org.testng.SuiteRunnerWorker.runSuite(SuiteRunnerWorker.java:52)
	at org.testng.SuiteRunnerWorker.run(SuiteRunnerWorker.java:86)
	at org.testng.TestNG.runSuitesSequentially(TestNG.java:1224)
	at org.testng.TestNG.runSuitesLocally(TestNG.java:1149)
	at org.testng.TestNG.run(TestNG.java:1057)
	at org.testng.remote.AbstractRemoteTestNG.run(AbstractRemoteTestNG.java:126)
	at org.testng.remote.RemoteTestNG.initAndRun(RemoteTestNG.java:137)
	at org.testng.remote.RemoteTestNG.main(RemoteTestNG.java:58)
</pre></div></td>
<td>18</td>
<td>TestNG.DDT_2DA@166e5bd</td></tr>
</table><p>
<table width='100%' border='1' class='invocation-passed'>
<tr><td colspan='4' align='center'><b>PASSED TESTS</b></td></tr>
<tr><td><b>Test method</b></td>
<td width="30%"><b>Exception</b></td>
<td width="10%"><b>Time (seconds)</b></td>
<td><b>Instance</b></td>
</tr>
<tr>
<td title='TestNG2.TestNG_ANNOTATIONS.APlan()'><b>APlan</b><br>Test class: TestNG2.TestNG_ANNOTATIONS</td>
<td></td>
<td>0</td>
<td>TestNG2.TestNG_ANNOTATIONS@102b3b1</td></tr>
<tr>
<td title='TestNG.TestNG_ANNOTATIONS.APlan()'><b>APlan</b><br>Test class: TestNG.TestNG_ANNOTATIONS</td>
<td></td>
<td>0</td>
<td>TestNG.TestNG_ANNOTATIONS@1f5b51f</td></tr>
<tr>
<td title='TestNG2.TestNG_ANNOTATIONS.BPlan()'><b>BPlan</b><br>Test class: TestNG2.TestNG_ANNOTATIONS</td>
<td></td>
<td>0</td>
<td>TestNG2.TestNG_ANNOTATIONS@102b3b1</td></tr>
<tr>
<td title='TestNG.TestNG_ANNOTATIONS.BPlan()'><b>BPlan</b><br>Test class: TestNG.TestNG_ANNOTATIONS</td>
<td></td>
<td>0</td>
<td>TestNG.TestNG_ANNOTATIONS@1f5b51f</td></tr>
<tr>
<td title='TestNG2.Dependency.MethodA()'><b>MethodA</b><br>Test class: TestNG2.Dependency</td>
<td></td>
<td>0</td>
<td>TestNG2.Dependency@1bbe1b6</td></tr>
<tr>
<td title='TestNG.Dependency.MethodA()'><b>MethodA</b><br>Test class: TestNG.Dependency</td>
<td></td>
<td>0</td>
<td>TestNG.Dependency@159c4b8</td></tr>
<tr>
<td title='TestNG2.Dependency.MethodB()'><b>MethodB</b><br>Test class: TestNG2.Dependency</td>
<td></td>
<td>0</td>
<td>TestNG2.Dependency@1bbe1b6</td></tr>
<tr>
<td title='TestNG.Dependency.MethodB()'><b>MethodB</b><br>Test class: TestNG.Dependency</td>
<td></td>
<td>0</td>
<td>TestNG.Dependency@159c4b8</td></tr>
<tr>
<td title='TestNG2.Dependency.MethodD()'><b>MethodD</b><br>Test class: TestNG2.Dependency</td>
<td></td>
<td>0</td>
<td>TestNG2.Dependency@1bbe1b6</td></tr>
<tr>
<td title='TestNG.Dependency.MethodD()'><b>MethodD</b><br>Test class: TestNG.Dependency</td>
<td></td>
<td>0</td>
<td>TestNG.Dependency@159c4b8</td></tr>
<tr>
<td title='TestNG.TestNGSample.TestA()'><b>TestA</b><br>Test class: TestNG.TestNGSample</td>
<td></td>
<td>0</td>
<td>TestNG.TestNGSample@1952a2d</td></tr>
<tr>
<td title='TestNG2.TestNGSample.TestA()'><b>TestA</b><br>Test class: TestNG2.TestNGSample</td>
<td></td>
<td>0</td>
<td>TestNG2.TestNGSample@d4004b</td></tr>
<tr>
<td title='TestNG.TestNGSample.TestB()'><b>TestB</b><br>Test class: TestNG.TestNGSample</td>
<td></td>
<td>0</td>
<td>TestNG.TestNGSample@1952a2d</td></tr>
<tr>
<td title='TestNG2.TestNGSample.TestB()'><b>TestB</b><br>Test class: TestNG2.TestNGSample</td>
<td></td>
<td>0</td>
<td>TestNG2.TestNGSample@d4004b</td></tr>
<tr>
<td title='TestNG.TestNGSample.TestC()'><b>TestC</b><br>Test class: TestNG.TestNGSample</td>
<td></td>
<td>0</td>
<td>TestNG.TestNGSample@1952a2d</td></tr>
<tr>
<td title='TestNG2.TestNGSample.TestC()'><b>TestC</b><br>Test class: TestNG2.TestNGSample</td>
<td></td>
<td>0</td>
<td>TestNG2.TestNGSample@d4004b</td></tr>
</table><p>
</body>
</html>