<?xml version="1.0" encoding="UTF-8"?>
<!-- Generated by org.testng.reporters.JUnitReportReporter -->
<testsuite hostname="RASHHAD-PC" name="Guru99Project.Guru99_Day_03" tests="9" failures="9" timestamp="12 Jun 2016 10:46:34 GMT" time="20.370" errors="0">
  <testcase name="VerifyLogWithInvalidPassword" time="12.272" classname="Guru99Project.Guru99_Day_03">
    <failure type="org.openqa.selenium.WebDriverException" message="c is null
Command duration or timeout: 1.52 seconds
Build info: version: &#039;2.47.1&#039;, revision: &#039;411b314&#039;, time: &#039;2015-07-30 03:03:16&#039;
System info: host: &#039;RASHHAD-PC&#039;, ip: &#039;10.116.217.197&#039;, os.name: &#039;Windows 7&#039;, os.arch: &#039;x86&#039;, os.version: &#039;6.1&#039;, java.version: &#039;1.8.0_91&#039;
Driver info: org.openqa.selenium.firefox.FirefoxDriver">
      <![CDATA[org.openqa.selenium.WebDriverException: c is null
Command duration or timeout: 1.52 seconds
Build info: version: '2.47.1', revision: '411b314', time: '2015-07-30 03:03:16'
System info: host: 'RASHHAD-PC', ip: '10.116.217.197', os.name: 'Windows 7', os.arch: 'x86', os.version: '6.1', java.version: '1.8.0_91'
Driver info: org.openqa.selenium.firefox.FirefoxDriver
	at sun.reflect.NativeConstructorAccessorImpl.newInstance0(Native Method)
	at sun.reflect.NativeConstructorAccessorImpl.newInstance(Unknown Source)
	at sun.reflect.DelegatingConstructorAccessorImpl.newInstance(Unknown Source)
	at java.lang.reflect.Constructor.newInstance(Unknown Source)
	at org.openqa.selenium.remote.ErrorHandler.createThrowable(ErrorHandler.java:206)
	at org.openqa.selenium.remote.ErrorHandler.throwIfResponseFailed(ErrorHandler.java:158)
	at org.openqa.selenium.remote.RemoteWebDriver.execute(RemoteWebDriver.java:595)
	at org.openqa.selenium.remote.RemoteWebDriver.startSession(RemoteWebDriver.java:242)
	at org.openqa.selenium.remote.RemoteWebDriver.<init>(RemoteWebDriver.java:128)
	at org.openqa.selenium.firefox.FirefoxDriver.<init>(FirefoxDriver.java:223)
	at org.openqa.selenium.firefox.FirefoxDriver.<init>(FirefoxDriver.java:216)
	at org.openqa.selenium.firefox.FirefoxDriver.<init>(FirefoxDriver.java:212)
	at org.openqa.selenium.firefox.FirefoxDriver.<init>(FirefoxDriver.java:129)
	at Guru99Project.Guru99_Day_03.Profile(Guru99_Day_03.java:29)
	at sun.reflect.NativeMethodAccessorImpl.invoke0(Native Method)
	at sun.reflect.NativeMethodAccessorImpl.invoke(Unknown Source)
	at sun.reflect.DelegatingMethodAccessorImpl.invoke(Unknown Source)
	at java.lang.reflect.Method.invoke(Unknown Source)
	at org.testng.internal.MethodInvocationHelper.invokeMethod(MethodInvocationHelper.java:84)
	at org.testng.internal.Invoker.invokeConfigurationMethod(Invoker.java:564)
	at org.testng.internal.Invoker.invokeConfigurations(Invoker.java:213)
	at org.testng.internal.Invoker.invokeMethod(Invoker.java:653)
	at org.testng.internal.Invoker.invokeTestMethod(Invoker.java:901)
	at org.testng.internal.Invoker.invokeTestMethods(Invoker.java:1231)
	at org.testng.internal.TestMethodWorker.invokeTestMethods(TestMethodWorker.java:127)
	at org.testng.internal.TestMethodWorker.run(TestMethodWorker.java:111)
	at org.testng.TestRunner.privateRun(TestRunner.java:767)
	at org.testng.TestRunner.run(TestRunner.java:617)
	at org.testng.SuiteRunner.runTest(SuiteRunner.java:334)
	at org.testng.SuiteRunner.runSequentially(SuiteRunner.java:329)
	at org.testng.SuiteRunner.privateRun(SuiteRunner.java:291)
	at org.testng.SuiteRunner.run(SuiteRunner.java:240)
	at org.testng.SuiteRunnerWorker.runSuite(SuiteRunnerWorker.java:52)
	at org.testng.SuiteRunnerWorker.run(SuiteRunnerWorker.java:86)
	at org.testng.TestNG.runSuitesSequentially(TestNG.java:1224)
	at org.testng.TestNG.runSuitesLocally(TestNG.java:1149)
	at org.testng.TestNG.run(TestNG.java:1057)
	at org.testng.remote.AbstractRemoteTestNG.run(AbstractRemoteTestNG.java:126)
	at org.testng.remote.RemoteTestNG.initAndRun(RemoteTestNG.java:137)
	at org.testng.remote.RemoteTestNG.main(RemoteTestNG.java:58)
Caused by: org.openqa.selenium.WebDriverException: c is null
Build info: version: '2.47.1', revision: '411b314', time: '2015-07-30 03:03:16'
System info: host: 'RASHHAD-PC', ip: '10.116.217.197', os.name: 'Windows 7', os.arch: 'x86', os.version: '6.1', java.version: '1.8.0_91'
Driver info: driver.version: unknown
	at <anonymous class>.nsCommandProcessor.prototype.newSession(file:///C:/Users/sathya/AppData/Local/Temp/anonymous2722947748584145833webdriver-profile/extensions/fxdriver@googlecode.com/components/command-processor.js:12779)
	at <anonymous class>.nsCommandProcessor.prototype.execute(file:///C:/Users/sathya/AppData/Local/Temp/anonymous2722947748584145833webdriver-profile/extensions/fxdriver@googlecode.com/components/command-processor.js:12676)
	at <anonymous class>.Dispatcher.executeAs/<(file:///C:/Users/sathya/AppData/Local/Temp/anonymous2722947748584145833webdriver-profile/extensions/fxdriver@googlecode.com/components/driver-component.js:9456)
	at <anonymous class>.Resource.prototype.handle(file:///C:/Users/sathya/AppData/Local/Temp/anonymous2722947748584145833webdriver-profile/extensions/fxdriver@googlecode.com/components/driver-component.js:9603)
	at <anonymous class>.Dispatcher.prototype.dispatch(file:///C:/Users/sathya/AppData/Local/Temp/anonymous2722947748584145833webdriver-profile/extensions/fxdriver@googlecode.com/components/driver-component.js:9550)
	at <anonymous class>.WebDriverServer/<.handle(file:///C:/Users/sathya/AppData/Local/Temp/anonymous2722947748584145833webdriver-profile/extensions/fxdriver@googlecode.com/components/driver-component.js:12497)
	at <anonymous class>.createHandlerFunc/<(file:///C:/Users/sathya/AppData/Local/Temp/anonymous2722947748584145833webdriver-profile/extensions/fxdriver@googlecode.com/components/httpd.js:2054)
	at <anonymous class>.ServerHandler.prototype.handleResponse(file:///C:/Users/sathya/AppData/Local/Temp/anonymous2722947748584145833webdriver-profile/extensions/fxdriver@googlecode.com/components/httpd.js:2387)
	at <anonymous class>.Connection.prototype.process(file:///C:/Users/sathya/AppData/Local/Temp/anonymous2722947748584145833webdriver-profile/extensions/fxdriver@googlecode.com/components/httpd.js:1223)
	at <anonymous class>.RequestReader.prototype._handleResponse(file:///C:/Users/sathya/AppData/Local/Temp/anonymous2722947748584145833webdriver-profile/extensions/fxdriver@googlecode.com/components/httpd.js:1677)
	at <anonymous class>.RequestReader.prototype._processBody(file:///C:/Users/sathya/AppData/Local/Temp/anonymous2722947748584145833webdriver-profile/extensions/fxdriver@googlecode.com/components/httpd.js:1525)
	at <anonymous class>.RequestReader.prototype.onInputStreamReady(file:///C:/Users/sathya/AppData/Local/Temp/anonymous2722947748584145833webdriver-profile/extensions/fxdriver@googlecode.com/components/httpd.js:1393)
	at <anonymous class>.exports.Utils.yield(resource://gre/modules/addons/XPIProvider.jsm -> jar:file:///C:/Users/sathya/AppData/Local/Temp/anonymous2722947748584145833webdriver-profile/extensions/%7Bd10d0bf8-f5b5-c8b4-a8b2-2b9879e08c5d%7D.xpi!/bootstrap.js -> jar:file:///C:/Users/sathya/AppData/Local/Temp/anonymous2722947748584145833webdriver-profile/extensions/%7Bd10d0bf8-f5b5-c8b4-a8b2-2b9879e08c5d%7D.xpi!/lib/utils.js:361)
	at <anonymous class>.INIParser.prototype.process(resource://gre/modules/addons/XPIProvider.jsm -> jar:file:///C:/Users/sathya/AppData/Local/Temp/anonymous2722947748584145833webdriver-profile/extensions/%7Bd10d0bf8-f5b5-c8b4-a8b2-2b9879e08c5d%7D.xpi!/bootstrap.js -> jar:file:///C:/Users/sathya/AppData/Local/Temp/anonymous2722947748584145833webdriver-profile/extensions/%7Bd10d0bf8-f5b5-c8b4-a8b2-2b9879e08c5d%7D.xpi!/lib/filterStorage.js:798)
	at <anonymous class>.exports.IO.readFromFile/onProgress(resource://gre/modules/addons/XPIProvider.jsm -> jar:file:///C:/Users/sathya/AppData/Local/Temp/anonymous2722947748584145833webdriver-profile/extensions/%7Bd10d0bf8-f5b5-c8b4-a8b2-2b9879e08c5d%7D.xpi!/bootstrap.js -> jar:file:///C:/Users/sathya/AppData/Local/Temp/anonymous2722947748584145833webdriver-profile/extensions/%7Bd10d0bf8-f5b5-c8b4-a8b2-2b9879e08c5d%7D.xpi!/lib/io.js:97)
	at <anonymous class>.exports.IO.readFromFile/<(resource://gre/modules/addons/XPIProvider.jsm -> jar:file:///C:/Users/sathya/AppData/Local/Temp/anonymous2722947748584145833webdriver-profile/extensions/%7Bd10d0bf8-f5b5-c8b4-a8b2-2b9879e08c5d%7D.xpi!/bootstrap.js -> jar:file:///C:/Users/sathya/AppData/Local/Temp/anonymous2722947748584145833webdriver-profile/extensions/%7Bd10d0bf8-f5b5-c8b4-a8b2-2b9879e08c5d%7D.xpi!/lib/io.js:182)
	at <anonymous class>.TaskImpl_run(resource://gre/modules/Task.jsm:314)
	at <anonymous class>.Handler.prototype.process(resource://gre/modules/Promise.jsm -> resource://gre/modules/Promise-backend.js:867)
	at <anonymous class>.this.PromiseWalker.walkerLoop(resource://gre/modules/Promise.jsm -> resource://gre/modules/Promise-backend.js:746)
	at <anonymous class>.this.PromiseWalker.scheduleWalkerLoop/<(resource://gre/modules/Promise.jsm -> resource://gre/modules/Promise-backend.js:688)
]]>
    </failure>
  </testcase> <!-- VerifyLogWithInvalidPassword -->
  <testcase name="VerifyLogWithInvalidPassword" time="0.002" classname="Guru99Project.Guru99_Day_03">
    <failure type="org.openqa.selenium.WebDriverException" message="c is null
Command duration or timeout: 1.52 seconds
Build info: version: &#039;2.47.1&#039;, revision: &#039;411b314&#039;, time: &#039;2015-07-30 03:03:16&#039;
System info: host: &#039;RASHHAD-PC&#039;, ip: &#039;10.116.217.197&#039;, os.name: &#039;Windows 7&#039;, os.arch: &#039;x86&#039;, os.version: &#039;6.1&#039;, java.version: &#039;1.8.0_91&#039;
Driver info: org.openqa.selenium.firefox.FirefoxDriver">
      <![CDATA[org.openqa.selenium.WebDriverException: c is null
Command duration or timeout: 1.52 seconds
Build info: version: '2.47.1', revision: '411b314', time: '2015-07-30 03:03:16'
System info: host: 'RASHHAD-PC', ip: '10.116.217.197', os.name: 'Windows 7', os.arch: 'x86', os.version: '6.1', java.version: '1.8.0_91'
Driver info: org.openqa.selenium.firefox.FirefoxDriver
	at sun.reflect.NativeConstructorAccessorImpl.newInstance0(Native Method)
	at sun.reflect.NativeConstructorAccessorImpl.newInstance(Unknown Source)
	at sun.reflect.DelegatingConstructorAccessorImpl.newInstance(Unknown Source)
	at java.lang.reflect.Constructor.newInstance(Unknown Source)
	at org.openqa.selenium.remote.ErrorHandler.createThrowable(ErrorHandler.java:206)
	at org.openqa.selenium.remote.ErrorHandler.throwIfResponseFailed(ErrorHandler.java:158)
	at org.openqa.selenium.remote.RemoteWebDriver.execute(RemoteWebDriver.java:595)
	at org.openqa.selenium.remote.RemoteWebDriver.startSession(RemoteWebDriver.java:242)
	at org.openqa.selenium.remote.RemoteWebDriver.<init>(RemoteWebDriver.java:128)
	at org.openqa.selenium.firefox.FirefoxDriver.<init>(FirefoxDriver.java:223)
	at org.openqa.selenium.firefox.FirefoxDriver.<init>(FirefoxDriver.java:216)
	at org.openqa.selenium.firefox.FirefoxDriver.<init>(FirefoxDriver.java:212)
	at org.openqa.selenium.firefox.FirefoxDriver.<init>(FirefoxDriver.java:129)
	at Guru99Project.Guru99_Day_03.Profile(Guru99_Day_03.java:29)
	at sun.reflect.NativeMethodAccessorImpl.invoke0(Native Method)
	at sun.reflect.NativeMethodAccessorImpl.invoke(Unknown Source)
	at sun.reflect.DelegatingMethodAccessorImpl.invoke(Unknown Source)
	at java.lang.reflect.Method.invoke(Unknown Source)
	at org.testng.internal.MethodInvocationHelper.invokeMethod(MethodInvocationHelper.java:84)
	at org.testng.internal.Invoker.invokeConfigurationMethod(Invoker.java:564)
	at org.testng.internal.Invoker.invokeConfigurations(Invoker.java:213)
	at org.testng.internal.Invoker.invokeMethod(Invoker.java:653)
	at org.testng.internal.Invoker.invokeTestMethod(Invoker.java:901)
	at org.testng.internal.Invoker.invokeTestMethods(Invoker.java:1231)
	at org.testng.internal.TestMethodWorker.invokeTestMethods(TestMethodWorker.java:127)
	at org.testng.internal.TestMethodWorker.run(TestMethodWorker.java:111)
	at org.testng.TestRunner.privateRun(TestRunner.java:767)
	at org.testng.TestRunner.run(TestRunner.java:617)
	at org.testng.SuiteRunner.runTest(SuiteRunner.java:334)
	at org.testng.SuiteRunner.runSequentially(SuiteRunner.java:329)
	at org.testng.SuiteRunner.privateRun(SuiteRunner.java:291)
	at org.testng.SuiteRunner.run(SuiteRunner.java:240)
	at org.testng.SuiteRunnerWorker.runSuite(SuiteRunnerWorker.java:52)
	at org.testng.SuiteRunnerWorker.run(SuiteRunnerWorker.java:86)
	at org.testng.TestNG.runSuitesSequentially(TestNG.java:1224)
	at org.testng.TestNG.runSuitesLocally(TestNG.java:1149)
	at org.testng.TestNG.run(TestNG.java:1057)
	at org.testng.remote.AbstractRemoteTestNG.run(AbstractRemoteTestNG.java:126)
	at org.testng.remote.RemoteTestNG.initAndRun(RemoteTestNG.java:137)
	at org.testng.remote.RemoteTestNG.main(RemoteTestNG.java:58)
Caused by: org.openqa.selenium.WebDriverException: c is null
Build info: version: '2.47.1', revision: '411b314', time: '2015-07-30 03:03:16'
System info: host: 'RASHHAD-PC', ip: '10.116.217.197', os.name: 'Windows 7', os.arch: 'x86', os.version: '6.1', java.version: '1.8.0_91'
Driver info: driver.version: unknown
	at <anonymous class>.nsCommandProcessor.prototype.newSession(file:///C:/Users/sathya/AppData/Local/Temp/anonymous2722947748584145833webdriver-profile/extensions/fxdriver@googlecode.com/components/command-processor.js:12779)
	at <anonymous class>.nsCommandProcessor.prototype.execute(file:///C:/Users/sathya/AppData/Local/Temp/anonymous2722947748584145833webdriver-profile/extensions/fxdriver@googlecode.com/components/command-processor.js:12676)
	at <anonymous class>.Dispatcher.executeAs/<(file:///C:/Users/sathya/AppData/Local/Temp/anonymous2722947748584145833webdriver-profile/extensions/fxdriver@googlecode.com/components/driver-component.js:9456)
	at <anonymous class>.Resource.prototype.handle(file:///C:/Users/sathya/AppData/Local/Temp/anonymous2722947748584145833webdriver-profile/extensions/fxdriver@googlecode.com/components/driver-component.js:9603)
	at <anonymous class>.Dispatcher.prototype.dispatch(file:///C:/Users/sathya/AppData/Local/Temp/anonymous2722947748584145833webdriver-profile/extensions/fxdriver@googlecode.com/components/driver-component.js:9550)
	at <anonymous class>.WebDriverServer/<.handle(file:///C:/Users/sathya/AppData/Local/Temp/anonymous2722947748584145833webdriver-profile/extensions/fxdriver@googlecode.com/components/driver-component.js:12497)
	at <anonymous class>.createHandlerFunc/<(file:///C:/Users/sathya/AppData/Local/Temp/anonymous2722947748584145833webdriver-profile/extensions/fxdriver@googlecode.com/components/httpd.js:2054)
	at <anonymous class>.ServerHandler.prototype.handleResponse(file:///C:/Users/sathya/AppData/Local/Temp/anonymous2722947748584145833webdriver-profile/extensions/fxdriver@googlecode.com/components/httpd.js:2387)
	at <anonymous class>.Connection.prototype.process(file:///C:/Users/sathya/AppData/Local/Temp/anonymous2722947748584145833webdriver-profile/extensions/fxdriver@googlecode.com/components/httpd.js:1223)
	at <anonymous class>.RequestReader.prototype._handleResponse(file:///C:/Users/sathya/AppData/Local/Temp/anonymous2722947748584145833webdriver-profile/extensions/fxdriver@googlecode.com/components/httpd.js:1677)
	at <anonymous class>.RequestReader.prototype._processBody(file:///C:/Users/sathya/AppData/Local/Temp/anonymous2722947748584145833webdriver-profile/extensions/fxdriver@googlecode.com/components/httpd.js:1525)
	at <anonymous class>.RequestReader.prototype.onInputStreamReady(file:///C:/Users/sathya/AppData/Local/Temp/anonymous2722947748584145833webdriver-profile/extensions/fxdriver@googlecode.com/components/httpd.js:1393)
	at <anonymous class>.exports.Utils.yield(resource://gre/modules/addons/XPIProvider.jsm -> jar:file:///C:/Users/sathya/AppData/Local/Temp/anonymous2722947748584145833webdriver-profile/extensions/%7Bd10d0bf8-f5b5-c8b4-a8b2-2b9879e08c5d%7D.xpi!/bootstrap.js -> jar:file:///C:/Users/sathya/AppData/Local/Temp/anonymous2722947748584145833webdriver-profile/extensions/%7Bd10d0bf8-f5b5-c8b4-a8b2-2b9879e08c5d%7D.xpi!/lib/utils.js:361)
	at <anonymous class>.INIParser.prototype.process(resource://gre/modules/addons/XPIProvider.jsm -> jar:file:///C:/Users/sathya/AppData/Local/Temp/anonymous2722947748584145833webdriver-profile/extensions/%7Bd10d0bf8-f5b5-c8b4-a8b2-2b9879e08c5d%7D.xpi!/bootstrap.js -> jar:file:///C:/Users/sathya/AppData/Local/Temp/anonymous2722947748584145833webdriver-profile/extensions/%7Bd10d0bf8-f5b5-c8b4-a8b2-2b9879e08c5d%7D.xpi!/lib/filterStorage.js:798)
	at <anonymous class>.exports.IO.readFromFile/onProgress(resource://gre/modules/addons/XPIProvider.jsm -> jar:file:///C:/Users/sathya/AppData/Local/Temp/anonymous2722947748584145833webdriver-profile/extensions/%7Bd10d0bf8-f5b5-c8b4-a8b2-2b9879e08c5d%7D.xpi!/bootstrap.js -> jar:file:///C:/Users/sathya/AppData/Local/Temp/anonymous2722947748584145833webdriver-profile/extensions/%7Bd10d0bf8-f5b5-c8b4-a8b2-2b9879e08c5d%7D.xpi!/lib/io.js:97)
	at <anonymous class>.exports.IO.readFromFile/<(resource://gre/modules/addons/XPIProvider.jsm -> jar:file:///C:/Users/sathya/AppData/Local/Temp/anonymous2722947748584145833webdriver-profile/extensions/%7Bd10d0bf8-f5b5-c8b4-a8b2-2b9879e08c5d%7D.xpi!/bootstrap.js -> jar:file:///C:/Users/sathya/AppData/Local/Temp/anonymous2722947748584145833webdriver-profile/extensions/%7Bd10d0bf8-f5b5-c8b4-a8b2-2b9879e08c5d%7D.xpi!/lib/io.js:182)
	at <anonymous class>.TaskImpl_run(resource://gre/modules/Task.jsm:314)
	at <anonymous class>.Handler.prototype.process(resource://gre/modules/Promise.jsm -> resource://gre/modules/Promise-backend.js:867)
	at <anonymous class>.this.PromiseWalker.walkerLoop(resource://gre/modules/Promise.jsm -> resource://gre/modules/Promise-backend.js:746)
	at <anonymous class>.this.PromiseWalker.scheduleWalkerLoop/<(resource://gre/modules/Promise.jsm -> resource://gre/modules/Promise-backend.js:688)
]]>
    </failure>
  </testcase> <!-- VerifyLogWithInvalidPassword -->
  <testcase name="VerifyLogWithInvalidUser" time="8.080" classname="Guru99Project.Guru99_Day_03">
    <failure type="org.openqa.selenium.remote.UnreachableBrowserException" message="Error communicating with the remote browser. It may have died.
Build info: version: &#039;2.47.1&#039;, revision: &#039;411b314&#039;, time: &#039;2015-07-30 03:03:16&#039;
System info: host: &#039;RASHHAD-PC&#039;, ip: &#039;10.116.217.197&#039;, os.name: &#039;Windows 7&#039;, os.arch: &#039;x86&#039;, os.version: &#039;6.1&#039;, java.version: &#039;1.8.0_91&#039;
Driver info: driver.version: RemoteWebDriver">
      <![CDATA[org.openqa.selenium.remote.UnreachableBrowserException: Error communicating with the remote browser. It may have died.
Build info: version: '2.47.1', revision: '411b314', time: '2015-07-30 03:03:16'
System info: host: 'RASHHAD-PC', ip: '10.116.217.197', os.name: 'Windows 7', os.arch: 'x86', os.version: '6.1', java.version: '1.8.0_91'
Driver info: driver.version: RemoteWebDriver
	at org.openqa.selenium.remote.RemoteWebDriver.execute(RemoteWebDriver.java:589)
	at org.openqa.selenium.remote.RemoteWebDriver.execute(RemoteWebDriver.java:618)
	at org.openqa.selenium.remote.RemoteWebDriver.close(RemoteWebDriver.java:459)
	at Guru99Project.Guru99_Day_03.VerifyLogWithInvalidUser(Guru99_Day_03.java:92)
	at sun.reflect.NativeMethodAccessorImpl.invoke0(Native Method)
	at sun.reflect.NativeMethodAccessorImpl.invoke(Unknown Source)
	at sun.reflect.DelegatingMethodAccessorImpl.invoke(Unknown Source)
	at java.lang.reflect.Method.invoke(Unknown Source)
	at org.testng.internal.MethodInvocationHelper.invokeMethod(MethodInvocationHelper.java:84)
	at org.testng.internal.Invoker.invokeMethod(Invoker.java:714)
	at org.testng.internal.Invoker.invokeTestMethod(Invoker.java:901)
	at org.testng.internal.Invoker.invokeTestMethods(Invoker.java:1231)
	at org.testng.internal.TestMethodWorker.invokeTestMethods(TestMethodWorker.java:127)
	at org.testng.internal.TestMethodWorker.run(TestMethodWorker.java:111)
	at org.testng.TestRunner.privateRun(TestRunner.java:767)
	at org.testng.TestRunner.run(TestRunner.java:617)
	at org.testng.SuiteRunner.runTest(SuiteRunner.java:334)
	at org.testng.SuiteRunner.runSequentially(SuiteRunner.java:329)
	at org.testng.SuiteRunner.privateRun(SuiteRunner.java:291)
	at org.testng.SuiteRunner.run(SuiteRunner.java:240)
	at org.testng.SuiteRunnerWorker.runSuite(SuiteRunnerWorker.java:52)
	at org.testng.SuiteRunnerWorker.run(SuiteRunnerWorker.java:86)
	at org.testng.TestNG.runSuitesSequentially(TestNG.java:1224)
	at org.testng.TestNG.runSuitesLocally(TestNG.java:1149)
	at org.testng.TestNG.run(TestNG.java:1057)
	at org.testng.remote.AbstractRemoteTestNG.run(AbstractRemoteTestNG.java:126)
	at org.testng.remote.RemoteTestNG.initAndRun(RemoteTestNG.java:137)
	at org.testng.remote.RemoteTestNG.main(RemoteTestNG.java:58)
Caused by: org.apache.http.conn.HttpHostConnectException: Connect to 127.0.0.1:7055 [/127.0.0.1] failed: Connection refused: connect
	at org.apache.http.impl.conn.DefaultHttpClientConnectionOperator.connect(DefaultHttpClientConnectionOperator.java:151)
	at org.apache.http.impl.conn.PoolingHttpClientConnectionManager.connect(PoolingHttpClientConnectionManager.java:353)
	at org.apache.http.impl.execchain.MainClientExec.establishRoute(MainClientExec.java:380)
	at org.apache.http.impl.execchain.MainClientExec.execute(MainClientExec.java:236)
	at org.apache.http.impl.execchain.ProtocolExec.execute(ProtocolExec.java:184)
	at org.apache.http.impl.execchain.RetryExec.execute(RetryExec.java:88)
	at org.apache.http.impl.execchain.RedirectExec.execute(RedirectExec.java:110)
	at org.apache.http.impl.client.InternalHttpClient.doExecute(InternalHttpClient.java:184)
	at org.apache.http.impl.client.CloseableHttpClient.execute(CloseableHttpClient.java:71)
	at org.apache.http.impl.client.CloseableHttpClient.execute(CloseableHttpClient.java:55)
	at org.openqa.selenium.remote.internal.ApacheHttpClient.fallBackExecute(ApacheHttpClient.java:143)
	at org.openqa.selenium.remote.internal.ApacheHttpClient.execute(ApacheHttpClient.java:89)
	at org.openqa.selenium.remote.HttpCommandExecutor.execute(HttpCommandExecutor.java:134)
	at org.openqa.selenium.firefox.internal.NewProfileExtensionConnection.execute(NewProfileExtensionConnection.java:170)
	at org.openqa.selenium.firefox.FirefoxDriver$LazyCommandExecutor.execute(FirefoxDriver.java:393)
	at org.openqa.selenium.remote.RemoteWebDriver.execute(RemoteWebDriver.java:568)
	... 27 more
Caused by: java.net.ConnectException: Connection refused: connect
	at java.net.DualStackPlainSocketImpl.waitForConnect(Native Method)
	at java.net.DualStackPlainSocketImpl.socketConnect(Unknown Source)
	at java.net.AbstractPlainSocketImpl.doConnect(Unknown Source)
	at java.net.AbstractPlainSocketImpl.connectToAddress(Unknown Source)
	at java.net.AbstractPlainSocketImpl.connect(Unknown Source)
	at java.net.PlainSocketImpl.connect(Unknown Source)
	at java.net.SocksSocketImpl.connect(Unknown Source)
	at java.net.Socket.connect(Unknown Source)
	at org.apache.http.conn.socket.PlainConnectionSocketFactory.connectSocket(PlainConnectionSocketFactory.java:74)
	at org.apache.http.impl.conn.DefaultHttpClientConnectionOperator.connect(DefaultHttpClientConnectionOperator.java:134)
	... 42 more
]]>
    </failure>
  </testcase> <!-- VerifyLogWithInvalidUser -->
  <testcase name="VerifyLogWithInvalidUser" time="0.003" classname="Guru99Project.Guru99_Day_03">
    <failure type="org.openqa.selenium.WebDriverException" message="c is null
Command duration or timeout: 1.52 seconds
Build info: version: &#039;2.47.1&#039;, revision: &#039;411b314&#039;, time: &#039;2015-07-30 03:03:16&#039;
System info: host: &#039;RASHHAD-PC&#039;, ip: &#039;10.116.217.197&#039;, os.name: &#039;Windows 7&#039;, os.arch: &#039;x86&#039;, os.version: &#039;6.1&#039;, java.version: &#039;1.8.0_91&#039;
Driver info: org.openqa.selenium.firefox.FirefoxDriver">
      <![CDATA[org.openqa.selenium.WebDriverException: c is null
Command duration or timeout: 1.52 seconds
Build info: version: '2.47.1', revision: '411b314', time: '2015-07-30 03:03:16'
System info: host: 'RASHHAD-PC', ip: '10.116.217.197', os.name: 'Windows 7', os.arch: 'x86', os.version: '6.1', java.version: '1.8.0_91'
Driver info: org.openqa.selenium.firefox.FirefoxDriver
	at sun.reflect.NativeConstructorAccessorImpl.newInstance0(Native Method)
	at sun.reflect.NativeConstructorAccessorImpl.newInstance(Unknown Source)
	at sun.reflect.DelegatingConstructorAccessorImpl.newInstance(Unknown Source)
	at java.lang.reflect.Constructor.newInstance(Unknown Source)
	at org.openqa.selenium.remote.ErrorHandler.createThrowable(ErrorHandler.java:206)
	at org.openqa.selenium.remote.ErrorHandler.throwIfResponseFailed(ErrorHandler.java:158)
	at org.openqa.selenium.remote.RemoteWebDriver.execute(RemoteWebDriver.java:595)
	at org.openqa.selenium.remote.RemoteWebDriver.startSession(RemoteWebDriver.java:242)
	at org.openqa.selenium.remote.RemoteWebDriver.<init>(RemoteWebDriver.java:128)
	at org.openqa.selenium.firefox.FirefoxDriver.<init>(FirefoxDriver.java:223)
	at org.openqa.selenium.firefox.FirefoxDriver.<init>(FirefoxDriver.java:216)
	at org.openqa.selenium.firefox.FirefoxDriver.<init>(FirefoxDriver.java:212)
	at org.openqa.selenium.firefox.FirefoxDriver.<init>(FirefoxDriver.java:129)
	at Guru99Project.Guru99_Day_03.Profile(Guru99_Day_03.java:29)
	at sun.reflect.NativeMethodAccessorImpl.invoke0(Native Method)
	at sun.reflect.NativeMethodAccessorImpl.invoke(Unknown Source)
	at sun.reflect.DelegatingMethodAccessorImpl.invoke(Unknown Source)
	at java.lang.reflect.Method.invoke(Unknown Source)
	at org.testng.internal.MethodInvocationHelper.invokeMethod(MethodInvocationHelper.java:84)
	at org.testng.internal.Invoker.invokeConfigurationMethod(Invoker.java:564)
	at org.testng.internal.Invoker.invokeConfigurations(Invoker.java:213)
	at org.testng.internal.Invoker.invokeMethod(Invoker.java:653)
	at org.testng.internal.Invoker.invokeTestMethod(Invoker.java:901)
	at org.testng.internal.Invoker.invokeTestMethods(Invoker.java:1231)
	at org.testng.internal.TestMethodWorker.invokeTestMethods(TestMethodWorker.java:127)
	at org.testng.internal.TestMethodWorker.run(TestMethodWorker.java:111)
	at org.testng.TestRunner.privateRun(TestRunner.java:767)
	at org.testng.TestRunner.run(TestRunner.java:617)
	at org.testng.SuiteRunner.runTest(SuiteRunner.java:334)
	at org.testng.SuiteRunner.runSequentially(SuiteRunner.java:329)
	at org.testng.SuiteRunner.privateRun(SuiteRunner.java:291)
	at org.testng.SuiteRunner.run(SuiteRunner.java:240)
	at org.testng.SuiteRunnerWorker.runSuite(SuiteRunnerWorker.java:52)
	at org.testng.SuiteRunnerWorker.run(SuiteRunnerWorker.java:86)
	at org.testng.TestNG.runSuitesSequentially(TestNG.java:1224)
	at org.testng.TestNG.runSuitesLocally(TestNG.java:1149)
	at org.testng.TestNG.run(TestNG.java:1057)
	at org.testng.remote.AbstractRemoteTestNG.run(AbstractRemoteTestNG.java:126)
	at org.testng.remote.RemoteTestNG.initAndRun(RemoteTestNG.java:137)
	at org.testng.remote.RemoteTestNG.main(RemoteTestNG.java:58)
Caused by: org.openqa.selenium.WebDriverException: c is null
Build info: version: '2.47.1', revision: '411b314', time: '2015-07-30 03:03:16'
System info: host: 'RASHHAD-PC', ip: '10.116.217.197', os.name: 'Windows 7', os.arch: 'x86', os.version: '6.1', java.version: '1.8.0_91'
Driver info: driver.version: unknown
	at <anonymous class>.nsCommandProcessor.prototype.newSession(file:///C:/Users/sathya/AppData/Local/Temp/anonymous2722947748584145833webdriver-profile/extensions/fxdriver@googlecode.com/components/command-processor.js:12779)
	at <anonymous class>.nsCommandProcessor.prototype.execute(file:///C:/Users/sathya/AppData/Local/Temp/anonymous2722947748584145833webdriver-profile/extensions/fxdriver@googlecode.com/components/command-processor.js:12676)
	at <anonymous class>.Dispatcher.executeAs/<(file:///C:/Users/sathya/AppData/Local/Temp/anonymous2722947748584145833webdriver-profile/extensions/fxdriver@googlecode.com/components/driver-component.js:9456)
	at <anonymous class>.Resource.prototype.handle(file:///C:/Users/sathya/AppData/Local/Temp/anonymous2722947748584145833webdriver-profile/extensions/fxdriver@googlecode.com/components/driver-component.js:9603)
	at <anonymous class>.Dispatcher.prototype.dispatch(file:///C:/Users/sathya/AppData/Local/Temp/anonymous2722947748584145833webdriver-profile/extensions/fxdriver@googlecode.com/components/driver-component.js:9550)
	at <anonymous class>.WebDriverServer/<.handle(file:///C:/Users/sathya/AppData/Local/Temp/anonymous2722947748584145833webdriver-profile/extensions/fxdriver@googlecode.com/components/driver-component.js:12497)
	at <anonymous class>.createHandlerFunc/<(file:///C:/Users/sathya/AppData/Local/Temp/anonymous2722947748584145833webdriver-profile/extensions/fxdriver@googlecode.com/components/httpd.js:2054)
	at <anonymous class>.ServerHandler.prototype.handleResponse(file:///C:/Users/sathya/AppData/Local/Temp/anonymous2722947748584145833webdriver-profile/extensions/fxdriver@googlecode.com/components/httpd.js:2387)
	at <anonymous class>.Connection.prototype.process(file:///C:/Users/sathya/AppData/Local/Temp/anonymous2722947748584145833webdriver-profile/extensions/fxdriver@googlecode.com/components/httpd.js:1223)
	at <anonymous class>.RequestReader.prototype._handleResponse(file:///C:/Users/sathya/AppData/Local/Temp/anonymous2722947748584145833webdriver-profile/extensions/fxdriver@googlecode.com/components/httpd.js:1677)
	at <anonymous class>.RequestReader.prototype._processBody(file:///C:/Users/sathya/AppData/Local/Temp/anonymous2722947748584145833webdriver-profile/extensions/fxdriver@googlecode.com/components/httpd.js:1525)
	at <anonymous class>.RequestReader.prototype.onInputStreamReady(file:///C:/Users/sathya/AppData/Local/Temp/anonymous2722947748584145833webdriver-profile/extensions/fxdriver@googlecode.com/components/httpd.js:1393)
	at <anonymous class>.exports.Utils.yield(resource://gre/modules/addons/XPIProvider.jsm -> jar:file:///C:/Users/sathya/AppData/Local/Temp/anonymous2722947748584145833webdriver-profile/extensions/%7Bd10d0bf8-f5b5-c8b4-a8b2-2b9879e08c5d%7D.xpi!/bootstrap.js -> jar:file:///C:/Users/sathya/AppData/Local/Temp/anonymous2722947748584145833webdriver-profile/extensions/%7Bd10d0bf8-f5b5-c8b4-a8b2-2b9879e08c5d%7D.xpi!/lib/utils.js:361)
	at <anonymous class>.INIParser.prototype.process(resource://gre/modules/addons/XPIProvider.jsm -> jar:file:///C:/Users/sathya/AppData/Local/Temp/anonymous2722947748584145833webdriver-profile/extensions/%7Bd10d0bf8-f5b5-c8b4-a8b2-2b9879e08c5d%7D.xpi!/bootstrap.js -> jar:file:///C:/Users/sathya/AppData/Local/Temp/anonymous2722947748584145833webdriver-profile/extensions/%7Bd10d0bf8-f5b5-c8b4-a8b2-2b9879e08c5d%7D.xpi!/lib/filterStorage.js:798)
	at <anonymous class>.exports.IO.readFromFile/onProgress(resource://gre/modules/addons/XPIProvider.jsm -> jar:file:///C:/Users/sathya/AppData/Local/Temp/anonymous2722947748584145833webdriver-profile/extensions/%7Bd10d0bf8-f5b5-c8b4-a8b2-2b9879e08c5d%7D.xpi!/bootstrap.js -> jar:file:///C:/Users/sathya/AppData/Local/Temp/anonymous2722947748584145833webdriver-profile/extensions/%7Bd10d0bf8-f5b5-c8b4-a8b2-2b9879e08c5d%7D.xpi!/lib/io.js:97)
	at <anonymous class>.exports.IO.readFromFile/<(resource://gre/modules/addons/XPIProvider.jsm -> jar:file:///C:/Users/sathya/AppData/Local/Temp/anonymous2722947748584145833webdriver-profile/extensions/%7Bd10d0bf8-f5b5-c8b4-a8b2-2b9879e08c5d%7D.xpi!/bootstrap.js -> jar:file:///C:/Users/sathya/AppData/Local/Temp/anonymous2722947748584145833webdriver-profile/extensions/%7Bd10d0bf8-f5b5-c8b4-a8b2-2b9879e08c5d%7D.xpi!/lib/io.js:182)
	at <anonymous class>.TaskImpl_run(resource://gre/modules/Task.jsm:314)
	at <anonymous class>.Handler.prototype.process(resource://gre/modules/Promise.jsm -> resource://gre/modules/Promise-backend.js:867)
	at <anonymous class>.this.PromiseWalker.walkerLoop(resource://gre/modules/Promise.jsm -> resource://gre/modules/Promise-backend.js:746)
	at <anonymous class>.this.PromiseWalker.scheduleWalkerLoop/<(resource://gre/modules/Promise.jsm -> resource://gre/modules/Promise-backend.js:688)
]]>
    </failure>
  </testcase> <!-- VerifyLogWithInvalidUser -->
  <testcase name="VerifyLogWithInvalidUserPwd" time="0.002" classname="Guru99Project.Guru99_Day_03">
    <failure type="org.openqa.selenium.WebDriverException" message="c is null
Command duration or timeout: 1.52 seconds
Build info: version: &#039;2.47.1&#039;, revision: &#039;411b314&#039;, time: &#039;2015-07-30 03:03:16&#039;
System info: host: &#039;RASHHAD-PC&#039;, ip: &#039;10.116.217.197&#039;, os.name: &#039;Windows 7&#039;, os.arch: &#039;x86&#039;, os.version: &#039;6.1&#039;, java.version: &#039;1.8.0_91&#039;
Driver info: org.openqa.selenium.firefox.FirefoxDriver">
      <![CDATA[org.openqa.selenium.WebDriverException: c is null
Command duration or timeout: 1.52 seconds
Build info: version: '2.47.1', revision: '411b314', time: '2015-07-30 03:03:16'
System info: host: 'RASHHAD-PC', ip: '10.116.217.197', os.name: 'Windows 7', os.arch: 'x86', os.version: '6.1', java.version: '1.8.0_91'
Driver info: org.openqa.selenium.firefox.FirefoxDriver
	at sun.reflect.NativeConstructorAccessorImpl.newInstance0(Native Method)
	at sun.reflect.NativeConstructorAccessorImpl.newInstance(Unknown Source)
	at sun.reflect.DelegatingConstructorAccessorImpl.newInstance(Unknown Source)
	at java.lang.reflect.Constructor.newInstance(Unknown Source)
	at org.openqa.selenium.remote.ErrorHandler.createThrowable(ErrorHandler.java:206)
	at org.openqa.selenium.remote.ErrorHandler.throwIfResponseFailed(ErrorHandler.java:158)
	at org.openqa.selenium.remote.RemoteWebDriver.execute(RemoteWebDriver.java:595)
	at org.openqa.selenium.remote.RemoteWebDriver.startSession(RemoteWebDriver.java:242)
	at org.openqa.selenium.remote.RemoteWebDriver.<init>(RemoteWebDriver.java:128)
	at org.openqa.selenium.firefox.FirefoxDriver.<init>(FirefoxDriver.java:223)
	at org.openqa.selenium.firefox.FirefoxDriver.<init>(FirefoxDriver.java:216)
	at org.openqa.selenium.firefox.FirefoxDriver.<init>(FirefoxDriver.java:212)
	at org.openqa.selenium.firefox.FirefoxDriver.<init>(FirefoxDriver.java:129)
	at Guru99Project.Guru99_Day_03.Profile(Guru99_Day_03.java:29)
	at sun.reflect.NativeMethodAccessorImpl.invoke0(Native Method)
	at sun.reflect.NativeMethodAccessorImpl.invoke(Unknown Source)
	at sun.reflect.DelegatingMethodAccessorImpl.invoke(Unknown Source)
	at java.lang.reflect.Method.invoke(Unknown Source)
	at org.testng.internal.MethodInvocationHelper.invokeMethod(MethodInvocationHelper.java:84)
	at org.testng.internal.Invoker.invokeConfigurationMethod(Invoker.java:564)
	at org.testng.internal.Invoker.invokeConfigurations(Invoker.java:213)
	at org.testng.internal.Invoker.invokeMethod(Invoker.java:653)
	at org.testng.internal.Invoker.invokeTestMethod(Invoker.java:901)
	at org.testng.internal.Invoker.invokeTestMethods(Invoker.java:1231)
	at org.testng.internal.TestMethodWorker.invokeTestMethods(TestMethodWorker.java:127)
	at org.testng.internal.TestMethodWorker.run(TestMethodWorker.java:111)
	at org.testng.TestRunner.privateRun(TestRunner.java:767)
	at org.testng.TestRunner.run(TestRunner.java:617)
	at org.testng.SuiteRunner.runTest(SuiteRunner.java:334)
	at org.testng.SuiteRunner.runSequentially(SuiteRunner.java:329)
	at org.testng.SuiteRunner.privateRun(SuiteRunner.java:291)
	at org.testng.SuiteRunner.run(SuiteRunner.java:240)
	at org.testng.SuiteRunnerWorker.runSuite(SuiteRunnerWorker.java:52)
	at org.testng.SuiteRunnerWorker.run(SuiteRunnerWorker.java:86)
	at org.testng.TestNG.runSuitesSequentially(TestNG.java:1224)
	at org.testng.TestNG.runSuitesLocally(TestNG.java:1149)
	at org.testng.TestNG.run(TestNG.java:1057)
	at org.testng.remote.AbstractRemoteTestNG.run(AbstractRemoteTestNG.java:126)
	at org.testng.remote.RemoteTestNG.initAndRun(RemoteTestNG.java:137)
	at org.testng.remote.RemoteTestNG.main(RemoteTestNG.java:58)
Caused by: org.openqa.selenium.WebDriverException: c is null
Build info: version: '2.47.1', revision: '411b314', time: '2015-07-30 03:03:16'
System info: host: 'RASHHAD-PC', ip: '10.116.217.197', os.name: 'Windows 7', os.arch: 'x86', os.version: '6.1', java.version: '1.8.0_91'
Driver info: driver.version: unknown
	at <anonymous class>.nsCommandProcessor.prototype.newSession(file:///C:/Users/sathya/AppData/Local/Temp/anonymous2722947748584145833webdriver-profile/extensions/fxdriver@googlecode.com/components/command-processor.js:12779)
	at <anonymous class>.nsCommandProcessor.prototype.execute(file:///C:/Users/sathya/AppData/Local/Temp/anonymous2722947748584145833webdriver-profile/extensions/fxdriver@googlecode.com/components/command-processor.js:12676)
	at <anonymous class>.Dispatcher.executeAs/<(file:///C:/Users/sathya/AppData/Local/Temp/anonymous2722947748584145833webdriver-profile/extensions/fxdriver@googlecode.com/components/driver-component.js:9456)
	at <anonymous class>.Resource.prototype.handle(file:///C:/Users/sathya/AppData/Local/Temp/anonymous2722947748584145833webdriver-profile/extensions/fxdriver@googlecode.com/components/driver-component.js:9603)
	at <anonymous class>.Dispatcher.prototype.dispatch(file:///C:/Users/sathya/AppData/Local/Temp/anonymous2722947748584145833webdriver-profile/extensions/fxdriver@googlecode.com/components/driver-component.js:9550)
	at <anonymous class>.WebDriverServer/<.handle(file:///C:/Users/sathya/AppData/Local/Temp/anonymous2722947748584145833webdriver-profile/extensions/fxdriver@googlecode.com/components/driver-component.js:12497)
	at <anonymous class>.createHandlerFunc/<(file:///C:/Users/sathya/AppData/Local/Temp/anonymous2722947748584145833webdriver-profile/extensions/fxdriver@googlecode.com/components/httpd.js:2054)
	at <anonymous class>.ServerHandler.prototype.handleResponse(file:///C:/Users/sathya/AppData/Local/Temp/anonymous2722947748584145833webdriver-profile/extensions/fxdriver@googlecode.com/components/httpd.js:2387)
	at <anonymous class>.Connection.prototype.process(file:///C:/Users/sathya/AppData/Local/Temp/anonymous2722947748584145833webdriver-profile/extensions/fxdriver@googlecode.com/components/httpd.js:1223)
	at <anonymous class>.RequestReader.prototype._handleResponse(file:///C:/Users/sathya/AppData/Local/Temp/anonymous2722947748584145833webdriver-profile/extensions/fxdriver@googlecode.com/components/httpd.js:1677)
	at <anonymous class>.RequestReader.prototype._processBody(file:///C:/Users/sathya/AppData/Local/Temp/anonymous2722947748584145833webdriver-profile/extensions/fxdriver@googlecode.com/components/httpd.js:1525)
	at <anonymous class>.RequestReader.prototype.onInputStreamReady(file:///C:/Users/sathya/AppData/Local/Temp/anonymous2722947748584145833webdriver-profile/extensions/fxdriver@googlecode.com/components/httpd.js:1393)
	at <anonymous class>.exports.Utils.yield(resource://gre/modules/addons/XPIProvider.jsm -> jar:file:///C:/Users/sathya/AppData/Local/Temp/anonymous2722947748584145833webdriver-profile/extensions/%7Bd10d0bf8-f5b5-c8b4-a8b2-2b9879e08c5d%7D.xpi!/bootstrap.js -> jar:file:///C:/Users/sathya/AppData/Local/Temp/anonymous2722947748584145833webdriver-profile/extensions/%7Bd10d0bf8-f5b5-c8b4-a8b2-2b9879e08c5d%7D.xpi!/lib/utils.js:361)
	at <anonymous class>.INIParser.prototype.process(resource://gre/modules/addons/XPIProvider.jsm -> jar:file:///C:/Users/sathya/AppData/Local/Temp/anonymous2722947748584145833webdriver-profile/extensions/%7Bd10d0bf8-f5b5-c8b4-a8b2-2b9879e08c5d%7D.xpi!/bootstrap.js -> jar:file:///C:/Users/sathya/AppData/Local/Temp/anonymous2722947748584145833webdriver-profile/extensions/%7Bd10d0bf8-f5b5-c8b4-a8b2-2b9879e08c5d%7D.xpi!/lib/filterStorage.js:798)
	at <anonymous class>.exports.IO.readFromFile/onProgress(resource://gre/modules/addons/XPIProvider.jsm -> jar:file:///C:/Users/sathya/AppData/Local/Temp/anonymous2722947748584145833webdriver-profile/extensions/%7Bd10d0bf8-f5b5-c8b4-a8b2-2b9879e08c5d%7D.xpi!/bootstrap.js -> jar:file:///C:/Users/sathya/AppData/Local/Temp/anonymous2722947748584145833webdriver-profile/extensions/%7Bd10d0bf8-f5b5-c8b4-a8b2-2b9879e08c5d%7D.xpi!/lib/io.js:97)
	at <anonymous class>.exports.IO.readFromFile/<(resource://gre/modules/addons/XPIProvider.jsm -> jar:file:///C:/Users/sathya/AppData/Local/Temp/anonymous2722947748584145833webdriver-profile/extensions/%7Bd10d0bf8-f5b5-c8b4-a8b2-2b9879e08c5d%7D.xpi!/bootstrap.js -> jar:file:///C:/Users/sathya/AppData/Local/Temp/anonymous2722947748584145833webdriver-profile/extensions/%7Bd10d0bf8-f5b5-c8b4-a8b2-2b9879e08c5d%7D.xpi!/lib/io.js:182)
	at <anonymous class>.TaskImpl_run(resource://gre/modules/Task.jsm:314)
	at <anonymous class>.Handler.prototype.process(resource://gre/modules/Promise.jsm -> resource://gre/modules/Promise-backend.js:867)
	at <anonymous class>.this.PromiseWalker.walkerLoop(resource://gre/modules/Promise.jsm -> resource://gre/modules/Promise-backend.js:746)
	at <anonymous class>.this.PromiseWalker.scheduleWalkerLoop/<(resource://gre/modules/Promise.jsm -> resource://gre/modules/Promise-backend.js:688)
]]>
    </failure>
  </testcase> <!-- VerifyLogWithInvalidUserPwd -->
  <testcase name="VerifyLogWithInvalidUserPwd" time="0.002" classname="Guru99Project.Guru99_Day_03">
    <failure type="org.openqa.selenium.WebDriverException" message="c is null
Command duration or timeout: 1.52 seconds
Build info: version: &#039;2.47.1&#039;, revision: &#039;411b314&#039;, time: &#039;2015-07-30 03:03:16&#039;
System info: host: &#039;RASHHAD-PC&#039;, ip: &#039;10.116.217.197&#039;, os.name: &#039;Windows 7&#039;, os.arch: &#039;x86&#039;, os.version: &#039;6.1&#039;, java.version: &#039;1.8.0_91&#039;
Driver info: org.openqa.selenium.firefox.FirefoxDriver">
      <![CDATA[org.openqa.selenium.WebDriverException: c is null
Command duration or timeout: 1.52 seconds
Build info: version: '2.47.1', revision: '411b314', time: '2015-07-30 03:03:16'
System info: host: 'RASHHAD-PC', ip: '10.116.217.197', os.name: 'Windows 7', os.arch: 'x86', os.version: '6.1', java.version: '1.8.0_91'
Driver info: org.openqa.selenium.firefox.FirefoxDriver
	at sun.reflect.NativeConstructorAccessorImpl.newInstance0(Native Method)
	at sun.reflect.NativeConstructorAccessorImpl.newInstance(Unknown Source)
	at sun.reflect.DelegatingConstructorAccessorImpl.newInstance(Unknown Source)
	at java.lang.reflect.Constructor.newInstance(Unknown Source)
	at org.openqa.selenium.remote.ErrorHandler.createThrowable(ErrorHandler.java:206)
	at org.openqa.selenium.remote.ErrorHandler.throwIfResponseFailed(ErrorHandler.java:158)
	at org.openqa.selenium.remote.RemoteWebDriver.execute(RemoteWebDriver.java:595)
	at org.openqa.selenium.remote.RemoteWebDriver.startSession(RemoteWebDriver.java:242)
	at org.openqa.selenium.remote.RemoteWebDriver.<init>(RemoteWebDriver.java:128)
	at org.openqa.selenium.firefox.FirefoxDriver.<init>(FirefoxDriver.java:223)
	at org.openqa.selenium.firefox.FirefoxDriver.<init>(FirefoxDriver.java:216)
	at org.openqa.selenium.firefox.FirefoxDriver.<init>(FirefoxDriver.java:212)
	at org.openqa.selenium.firefox.FirefoxDriver.<init>(FirefoxDriver.java:129)
	at Guru99Project.Guru99_Day_03.Profile(Guru99_Day_03.java:29)
	at sun.reflect.NativeMethodAccessorImpl.invoke0(Native Method)
	at sun.reflect.NativeMethodAccessorImpl.invoke(Unknown Source)
	at sun.reflect.DelegatingMethodAccessorImpl.invoke(Unknown Source)
	at java.lang.reflect.Method.invoke(Unknown Source)
	at org.testng.internal.MethodInvocationHelper.invokeMethod(MethodInvocationHelper.java:84)
	at org.testng.internal.Invoker.invokeConfigurationMethod(Invoker.java:564)
	at org.testng.internal.Invoker.invokeConfigurations(Invoker.java:213)
	at org.testng.internal.Invoker.invokeMethod(Invoker.java:653)
	at org.testng.internal.Invoker.invokeTestMethod(Invoker.java:901)
	at org.testng.internal.Invoker.invokeTestMethods(Invoker.java:1231)
	at org.testng.internal.TestMethodWorker.invokeTestMethods(TestMethodWorker.java:127)
	at org.testng.internal.TestMethodWorker.run(TestMethodWorker.java:111)
	at org.testng.TestRunner.privateRun(TestRunner.java:767)
	at org.testng.TestRunner.run(TestRunner.java:617)
	at org.testng.SuiteRunner.runTest(SuiteRunner.java:334)
	at org.testng.SuiteRunner.runSequentially(SuiteRunner.java:329)
	at org.testng.SuiteRunner.privateRun(SuiteRunner.java:291)
	at org.testng.SuiteRunner.run(SuiteRunner.java:240)
	at org.testng.SuiteRunnerWorker.runSuite(SuiteRunnerWorker.java:52)
	at org.testng.SuiteRunnerWorker.run(SuiteRunnerWorker.java:86)
	at org.testng.TestNG.runSuitesSequentially(TestNG.java:1224)
	at org.testng.TestNG.runSuitesLocally(TestNG.java:1149)
	at org.testng.TestNG.run(TestNG.java:1057)
	at org.testng.remote.AbstractRemoteTestNG.run(AbstractRemoteTestNG.java:126)
	at org.testng.remote.RemoteTestNG.initAndRun(RemoteTestNG.java:137)
	at org.testng.remote.RemoteTestNG.main(RemoteTestNG.java:58)
Caused by: org.openqa.selenium.WebDriverException: c is null
Build info: version: '2.47.1', revision: '411b314', time: '2015-07-30 03:03:16'
System info: host: 'RASHHAD-PC', ip: '10.116.217.197', os.name: 'Windows 7', os.arch: 'x86', os.version: '6.1', java.version: '1.8.0_91'
Driver info: driver.version: unknown
	at <anonymous class>.nsCommandProcessor.prototype.newSession(file:///C:/Users/sathya/AppData/Local/Temp/anonymous2722947748584145833webdriver-profile/extensions/fxdriver@googlecode.com/components/command-processor.js:12779)
	at <anonymous class>.nsCommandProcessor.prototype.execute(file:///C:/Users/sathya/AppData/Local/Temp/anonymous2722947748584145833webdriver-profile/extensions/fxdriver@googlecode.com/components/command-processor.js:12676)
	at <anonymous class>.Dispatcher.executeAs/<(file:///C:/Users/sathya/AppData/Local/Temp/anonymous2722947748584145833webdriver-profile/extensions/fxdriver@googlecode.com/components/driver-component.js:9456)
	at <anonymous class>.Resource.prototype.handle(file:///C:/Users/sathya/AppData/Local/Temp/anonymous2722947748584145833webdriver-profile/extensions/fxdriver@googlecode.com/components/driver-component.js:9603)
	at <anonymous class>.Dispatcher.prototype.dispatch(file:///C:/Users/sathya/AppData/Local/Temp/anonymous2722947748584145833webdriver-profile/extensions/fxdriver@googlecode.com/components/driver-component.js:9550)
	at <anonymous class>.WebDriverServer/<.handle(file:///C:/Users/sathya/AppData/Local/Temp/anonymous2722947748584145833webdriver-profile/extensions/fxdriver@googlecode.com/components/driver-component.js:12497)
	at <anonymous class>.createHandlerFunc/<(file:///C:/Users/sathya/AppData/Local/Temp/anonymous2722947748584145833webdriver-profile/extensions/fxdriver@googlecode.com/components/httpd.js:2054)
	at <anonymous class>.ServerHandler.prototype.handleResponse(file:///C:/Users/sathya/AppData/Local/Temp/anonymous2722947748584145833webdriver-profile/extensions/fxdriver@googlecode.com/components/httpd.js:2387)
	at <anonymous class>.Connection.prototype.process(file:///C:/Users/sathya/AppData/Local/Temp/anonymous2722947748584145833webdriver-profile/extensions/fxdriver@googlecode.com/components/httpd.js:1223)
	at <anonymous class>.RequestReader.prototype._handleResponse(file:///C:/Users/sathya/AppData/Local/Temp/anonymous2722947748584145833webdriver-profile/extensions/fxdriver@googlecode.com/components/httpd.js:1677)
	at <anonymous class>.RequestReader.prototype._processBody(file:///C:/Users/sathya/AppData/Local/Temp/anonymous2722947748584145833webdriver-profile/extensions/fxdriver@googlecode.com/components/httpd.js:1525)
	at <anonymous class>.RequestReader.prototype.onInputStreamReady(file:///C:/Users/sathya/AppData/Local/Temp/anonymous2722947748584145833webdriver-profile/extensions/fxdriver@googlecode.com/components/httpd.js:1393)
	at <anonymous class>.exports.Utils.yield(resource://gre/modules/addons/XPIProvider.jsm -> jar:file:///C:/Users/sathya/AppData/Local/Temp/anonymous2722947748584145833webdriver-profile/extensions/%7Bd10d0bf8-f5b5-c8b4-a8b2-2b9879e08c5d%7D.xpi!/bootstrap.js -> jar:file:///C:/Users/sathya/AppData/Local/Temp/anonymous2722947748584145833webdriver-profile/extensions/%7Bd10d0bf8-f5b5-c8b4-a8b2-2b9879e08c5d%7D.xpi!/lib/utils.js:361)
	at <anonymous class>.INIParser.prototype.process(resource://gre/modules/addons/XPIProvider.jsm -> jar:file:///C:/Users/sathya/AppData/Local/Temp/anonymous2722947748584145833webdriver-profile/extensions/%7Bd10d0bf8-f5b5-c8b4-a8b2-2b9879e08c5d%7D.xpi!/bootstrap.js -> jar:file:///C:/Users/sathya/AppData/Local/Temp/anonymous2722947748584145833webdriver-profile/extensions/%7Bd10d0bf8-f5b5-c8b4-a8b2-2b9879e08c5d%7D.xpi!/lib/filterStorage.js:798)
	at <anonymous class>.exports.IO.readFromFile/onProgress(resource://gre/modules/addons/XPIProvider.jsm -> jar:file:///C:/Users/sathya/AppData/Local/Temp/anonymous2722947748584145833webdriver-profile/extensions/%7Bd10d0bf8-f5b5-c8b4-a8b2-2b9879e08c5d%7D.xpi!/bootstrap.js -> jar:file:///C:/Users/sathya/AppData/Local/Temp/anonymous2722947748584145833webdriver-profile/extensions/%7Bd10d0bf8-f5b5-c8b4-a8b2-2b9879e08c5d%7D.xpi!/lib/io.js:97)
	at <anonymous class>.exports.IO.readFromFile/<(resource://gre/modules/addons/XPIProvider.jsm -> jar:file:///C:/Users/sathya/AppData/Local/Temp/anonymous2722947748584145833webdriver-profile/extensions/%7Bd10d0bf8-f5b5-c8b4-a8b2-2b9879e08c5d%7D.xpi!/bootstrap.js -> jar:file:///C:/Users/sathya/AppData/Local/Temp/anonymous2722947748584145833webdriver-profile/extensions/%7Bd10d0bf8-f5b5-c8b4-a8b2-2b9879e08c5d%7D.xpi!/lib/io.js:182)
	at <anonymous class>.TaskImpl_run(resource://gre/modules/Task.jsm:314)
	at <anonymous class>.Handler.prototype.process(resource://gre/modules/Promise.jsm -> resource://gre/modules/Promise-backend.js:867)
	at <anonymous class>.this.PromiseWalker.walkerLoop(resource://gre/modules/Promise.jsm -> resource://gre/modules/Promise-backend.js:746)
	at <anonymous class>.this.PromiseWalker.scheduleWalkerLoop/<(resource://gre/modules/Promise.jsm -> resource://gre/modules/Promise-backend.js:688)
]]>
    </failure>
  </testcase> <!-- VerifyLogWithInvalidUserPwd -->
  <testcase name="VerifyLogWithInvalidPassword" time="0.004" classname="Guru99Project.Guru99_Day_03">
    <failure type="org.openqa.selenium.WebDriverException" message="c is null
Command duration or timeout: 1.52 seconds
Build info: version: &#039;2.47.1&#039;, revision: &#039;411b314&#039;, time: &#039;2015-07-30 03:03:16&#039;
System info: host: &#039;RASHHAD-PC&#039;, ip: &#039;10.116.217.197&#039;, os.name: &#039;Windows 7&#039;, os.arch: &#039;x86&#039;, os.version: &#039;6.1&#039;, java.version: &#039;1.8.0_91&#039;
Driver info: org.openqa.selenium.firefox.FirefoxDriver">
      <![CDATA[org.openqa.selenium.WebDriverException: c is null
Command duration or timeout: 1.52 seconds
Build info: version: '2.47.1', revision: '411b314', time: '2015-07-30 03:03:16'
System info: host: 'RASHHAD-PC', ip: '10.116.217.197', os.name: 'Windows 7', os.arch: 'x86', os.version: '6.1', java.version: '1.8.0_91'
Driver info: org.openqa.selenium.firefox.FirefoxDriver
	at sun.reflect.NativeConstructorAccessorImpl.newInstance0(Native Method)
	at sun.reflect.NativeConstructorAccessorImpl.newInstance(Unknown Source)
	at sun.reflect.DelegatingConstructorAccessorImpl.newInstance(Unknown Source)
	at java.lang.reflect.Constructor.newInstance(Unknown Source)
	at org.openqa.selenium.remote.ErrorHandler.createThrowable(ErrorHandler.java:206)
	at org.openqa.selenium.remote.ErrorHandler.throwIfResponseFailed(ErrorHandler.java:158)
	at org.openqa.selenium.remote.RemoteWebDriver.execute(RemoteWebDriver.java:595)
	at org.openqa.selenium.remote.RemoteWebDriver.startSession(RemoteWebDriver.java:242)
	at org.openqa.selenium.remote.RemoteWebDriver.<init>(RemoteWebDriver.java:128)
	at org.openqa.selenium.firefox.FirefoxDriver.<init>(FirefoxDriver.java:223)
	at org.openqa.selenium.firefox.FirefoxDriver.<init>(FirefoxDriver.java:216)
	at org.openqa.selenium.firefox.FirefoxDriver.<init>(FirefoxDriver.java:212)
	at org.openqa.selenium.firefox.FirefoxDriver.<init>(FirefoxDriver.java:129)
	at Guru99Project.Guru99_Day_03.Profile(Guru99_Day_03.java:29)
	at sun.reflect.NativeMethodAccessorImpl.invoke0(Native Method)
	at sun.reflect.NativeMethodAccessorImpl.invoke(Unknown Source)
	at sun.reflect.DelegatingMethodAccessorImpl.invoke(Unknown Source)
	at java.lang.reflect.Method.invoke(Unknown Source)
	at org.testng.internal.MethodInvocationHelper.invokeMethod(MethodInvocationHelper.java:84)
	at org.testng.internal.Invoker.invokeConfigurationMethod(Invoker.java:564)
	at org.testng.internal.Invoker.invokeConfigurations(Invoker.java:213)
	at org.testng.internal.Invoker.invokeMethod(Invoker.java:653)
	at org.testng.internal.Invoker.invokeTestMethod(Invoker.java:901)
	at org.testng.internal.Invoker.invokeTestMethods(Invoker.java:1231)
	at org.testng.internal.TestMethodWorker.invokeTestMethods(TestMethodWorker.java:127)
	at org.testng.internal.TestMethodWorker.run(TestMethodWorker.java:111)
	at org.testng.TestRunner.privateRun(TestRunner.java:767)
	at org.testng.TestRunner.run(TestRunner.java:617)
	at org.testng.SuiteRunner.runTest(SuiteRunner.java:334)
	at org.testng.SuiteRunner.runSequentially(SuiteRunner.java:329)
	at org.testng.SuiteRunner.privateRun(SuiteRunner.java:291)
	at org.testng.SuiteRunner.run(SuiteRunner.java:240)
	at org.testng.SuiteRunnerWorker.runSuite(SuiteRunnerWorker.java:52)
	at org.testng.SuiteRunnerWorker.run(SuiteRunnerWorker.java:86)
	at org.testng.TestNG.runSuitesSequentially(TestNG.java:1224)
	at org.testng.TestNG.runSuitesLocally(TestNG.java:1149)
	at org.testng.TestNG.run(TestNG.java:1057)
	at org.testng.remote.AbstractRemoteTestNG.run(AbstractRemoteTestNG.java:126)
	at org.testng.remote.RemoteTestNG.initAndRun(RemoteTestNG.java:137)
	at org.testng.remote.RemoteTestNG.main(RemoteTestNG.java:58)
Caused by: org.openqa.selenium.WebDriverException: c is null
Build info: version: '2.47.1', revision: '411b314', time: '2015-07-30 03:03:16'
System info: host: 'RASHHAD-PC', ip: '10.116.217.197', os.name: 'Windows 7', os.arch: 'x86', os.version: '6.1', java.version: '1.8.0_91'
Driver info: driver.version: unknown
	at <anonymous class>.nsCommandProcessor.prototype.newSession(file:///C:/Users/sathya/AppData/Local/Temp/anonymous2722947748584145833webdriver-profile/extensions/fxdriver@googlecode.com/components/command-processor.js:12779)
	at <anonymous class>.nsCommandProcessor.prototype.execute(file:///C:/Users/sathya/AppData/Local/Temp/anonymous2722947748584145833webdriver-profile/extensions/fxdriver@googlecode.com/components/command-processor.js:12676)
	at <anonymous class>.Dispatcher.executeAs/<(file:///C:/Users/sathya/AppData/Local/Temp/anonymous2722947748584145833webdriver-profile/extensions/fxdriver@googlecode.com/components/driver-component.js:9456)
	at <anonymous class>.Resource.prototype.handle(file:///C:/Users/sathya/AppData/Local/Temp/anonymous2722947748584145833webdriver-profile/extensions/fxdriver@googlecode.com/components/driver-component.js:9603)
	at <anonymous class>.Dispatcher.prototype.dispatch(file:///C:/Users/sathya/AppData/Local/Temp/anonymous2722947748584145833webdriver-profile/extensions/fxdriver@googlecode.com/components/driver-component.js:9550)
	at <anonymous class>.WebDriverServer/<.handle(file:///C:/Users/sathya/AppData/Local/Temp/anonymous2722947748584145833webdriver-profile/extensions/fxdriver@googlecode.com/components/driver-component.js:12497)
	at <anonymous class>.createHandlerFunc/<(file:///C:/Users/sathya/AppData/Local/Temp/anonymous2722947748584145833webdriver-profile/extensions/fxdriver@googlecode.com/components/httpd.js:2054)
	at <anonymous class>.ServerHandler.prototype.handleResponse(file:///C:/Users/sathya/AppData/Local/Temp/anonymous2722947748584145833webdriver-profile/extensions/fxdriver@googlecode.com/components/httpd.js:2387)
	at <anonymous class>.Connection.prototype.process(file:///C:/Users/sathya/AppData/Local/Temp/anonymous2722947748584145833webdriver-profile/extensions/fxdriver@googlecode.com/components/httpd.js:1223)
	at <anonymous class>.RequestReader.prototype._handleResponse(file:///C:/Users/sathya/AppData/Local/Temp/anonymous2722947748584145833webdriver-profile/extensions/fxdriver@googlecode.com/components/httpd.js:1677)
	at <anonymous class>.RequestReader.prototype._processBody(file:///C:/Users/sathya/AppData/Local/Temp/anonymous2722947748584145833webdriver-profile/extensions/fxdriver@googlecode.com/components/httpd.js:1525)
	at <anonymous class>.RequestReader.prototype.onInputStreamReady(file:///C:/Users/sathya/AppData/Local/Temp/anonymous2722947748584145833webdriver-profile/extensions/fxdriver@googlecode.com/components/httpd.js:1393)
	at <anonymous class>.exports.Utils.yield(resource://gre/modules/addons/XPIProvider.jsm -> jar:file:///C:/Users/sathya/AppData/Local/Temp/anonymous2722947748584145833webdriver-profile/extensions/%7Bd10d0bf8-f5b5-c8b4-a8b2-2b9879e08c5d%7D.xpi!/bootstrap.js -> jar:file:///C:/Users/sathya/AppData/Local/Temp/anonymous2722947748584145833webdriver-profile/extensions/%7Bd10d0bf8-f5b5-c8b4-a8b2-2b9879e08c5d%7D.xpi!/lib/utils.js:361)
	at <anonymous class>.INIParser.prototype.process(resource://gre/modules/addons/XPIProvider.jsm -> jar:file:///C:/Users/sathya/AppData/Local/Temp/anonymous2722947748584145833webdriver-profile/extensions/%7Bd10d0bf8-f5b5-c8b4-a8b2-2b9879e08c5d%7D.xpi!/bootstrap.js -> jar:file:///C:/Users/sathya/AppData/Local/Temp/anonymous2722947748584145833webdriver-profile/extensions/%7Bd10d0bf8-f5b5-c8b4-a8b2-2b9879e08c5d%7D.xpi!/lib/filterStorage.js:798)
	at <anonymous class>.exports.IO.readFromFile/onProgress(resource://gre/modules/addons/XPIProvider.jsm -> jar:file:///C:/Users/sathya/AppData/Local/Temp/anonymous2722947748584145833webdriver-profile/extensions/%7Bd10d0bf8-f5b5-c8b4-a8b2-2b9879e08c5d%7D.xpi!/bootstrap.js -> jar:file:///C:/Users/sathya/AppData/Local/Temp/anonymous2722947748584145833webdriver-profile/extensions/%7Bd10d0bf8-f5b5-c8b4-a8b2-2b9879e08c5d%7D.xpi!/lib/io.js:97)
	at <anonymous class>.exports.IO.readFromFile/<(resource://gre/modules/addons/XPIProvider.jsm -> jar:file:///C:/Users/sathya/AppData/Local/Temp/anonymous2722947748584145833webdriver-profile/extensions/%7Bd10d0bf8-f5b5-c8b4-a8b2-2b9879e08c5d%7D.xpi!/bootstrap.js -> jar:file:///C:/Users/sathya/AppData/Local/Temp/anonymous2722947748584145833webdriver-profile/extensions/%7Bd10d0bf8-f5b5-c8b4-a8b2-2b9879e08c5d%7D.xpi!/lib/io.js:182)
	at <anonymous class>.TaskImpl_run(resource://gre/modules/Task.jsm:314)
	at <anonymous class>.Handler.prototype.process(resource://gre/modules/Promise.jsm -> resource://gre/modules/Promise-backend.js:867)
	at <anonymous class>.this.PromiseWalker.walkerLoop(resource://gre/modules/Promise.jsm -> resource://gre/modules/Promise-backend.js:746)
	at <anonymous class>.this.PromiseWalker.scheduleWalkerLoop/<(resource://gre/modules/Promise.jsm -> resource://gre/modules/Promise-backend.js:688)
]]>
    </failure>
  </testcase> <!-- VerifyLogWithInvalidPassword -->
  <testcase name="VerifyLogWithInvalidUser" time="0.003" classname="Guru99Project.Guru99_Day_03">
    <failure type="org.openqa.selenium.WebDriverException" message="c is null
Command duration or timeout: 1.52 seconds
Build info: version: &#039;2.47.1&#039;, revision: &#039;411b314&#039;, time: &#039;2015-07-30 03:03:16&#039;
System info: host: &#039;RASHHAD-PC&#039;, ip: &#039;10.116.217.197&#039;, os.name: &#039;Windows 7&#039;, os.arch: &#039;x86&#039;, os.version: &#039;6.1&#039;, java.version: &#039;1.8.0_91&#039;
Driver info: org.openqa.selenium.firefox.FirefoxDriver">
      <![CDATA[org.openqa.selenium.WebDriverException: c is null
Command duration or timeout: 1.52 seconds
Build info: version: '2.47.1', revision: '411b314', time: '2015-07-30 03:03:16'
System info: host: 'RASHHAD-PC', ip: '10.116.217.197', os.name: 'Windows 7', os.arch: 'x86', os.version: '6.1', java.version: '1.8.0_91'
Driver info: org.openqa.selenium.firefox.FirefoxDriver
	at sun.reflect.NativeConstructorAccessorImpl.newInstance0(Native Method)
	at sun.reflect.NativeConstructorAccessorImpl.newInstance(Unknown Source)
	at sun.reflect.DelegatingConstructorAccessorImpl.newInstance(Unknown Source)
	at java.lang.reflect.Constructor.newInstance(Unknown Source)
	at org.openqa.selenium.remote.ErrorHandler.createThrowable(ErrorHandler.java:206)
	at org.openqa.selenium.remote.ErrorHandler.throwIfResponseFailed(ErrorHandler.java:158)
	at org.openqa.selenium.remote.RemoteWebDriver.execute(RemoteWebDriver.java:595)
	at org.openqa.selenium.remote.RemoteWebDriver.startSession(RemoteWebDriver.java:242)
	at org.openqa.selenium.remote.RemoteWebDriver.<init>(RemoteWebDriver.java:128)
	at org.openqa.selenium.firefox.FirefoxDriver.<init>(FirefoxDriver.java:223)
	at org.openqa.selenium.firefox.FirefoxDriver.<init>(FirefoxDriver.java:216)
	at org.openqa.selenium.firefox.FirefoxDriver.<init>(FirefoxDriver.java:212)
	at org.openqa.selenium.firefox.FirefoxDriver.<init>(FirefoxDriver.java:129)
	at Guru99Project.Guru99_Day_03.Profile(Guru99_Day_03.java:29)
	at sun.reflect.NativeMethodAccessorImpl.invoke0(Native Method)
	at sun.reflect.NativeMethodAccessorImpl.invoke(Unknown Source)
	at sun.reflect.DelegatingMethodAccessorImpl.invoke(Unknown Source)
	at java.lang.reflect.Method.invoke(Unknown Source)
	at org.testng.internal.MethodInvocationHelper.invokeMethod(MethodInvocationHelper.java:84)
	at org.testng.internal.Invoker.invokeConfigurationMethod(Invoker.java:564)
	at org.testng.internal.Invoker.invokeConfigurations(Invoker.java:213)
	at org.testng.internal.Invoker.invokeMethod(Invoker.java:653)
	at org.testng.internal.Invoker.invokeTestMethod(Invoker.java:901)
	at org.testng.internal.Invoker.invokeTestMethods(Invoker.java:1231)
	at org.testng.internal.TestMethodWorker.invokeTestMethods(TestMethodWorker.java:127)
	at org.testng.internal.TestMethodWorker.run(TestMethodWorker.java:111)
	at org.testng.TestRunner.privateRun(TestRunner.java:767)
	at org.testng.TestRunner.run(TestRunner.java:617)
	at org.testng.SuiteRunner.runTest(SuiteRunner.java:334)
	at org.testng.SuiteRunner.runSequentially(SuiteRunner.java:329)
	at org.testng.SuiteRunner.privateRun(SuiteRunner.java:291)
	at org.testng.SuiteRunner.run(SuiteRunner.java:240)
	at org.testng.SuiteRunnerWorker.runSuite(SuiteRunnerWorker.java:52)
	at org.testng.SuiteRunnerWorker.run(SuiteRunnerWorker.java:86)
	at org.testng.TestNG.runSuitesSequentially(TestNG.java:1224)
	at org.testng.TestNG.runSuitesLocally(TestNG.java:1149)
	at org.testng.TestNG.run(TestNG.java:1057)
	at org.testng.remote.AbstractRemoteTestNG.run(AbstractRemoteTestNG.java:126)
	at org.testng.remote.RemoteTestNG.initAndRun(RemoteTestNG.java:137)
	at org.testng.remote.RemoteTestNG.main(RemoteTestNG.java:58)
Caused by: org.openqa.selenium.WebDriverException: c is null
Build info: version: '2.47.1', revision: '411b314', time: '2015-07-30 03:03:16'
System info: host: 'RASHHAD-PC', ip: '10.116.217.197', os.name: 'Windows 7', os.arch: 'x86', os.version: '6.1', java.version: '1.8.0_91'
Driver info: driver.version: unknown
	at <anonymous class>.nsCommandProcessor.prototype.newSession(file:///C:/Users/sathya/AppData/Local/Temp/anonymous2722947748584145833webdriver-profile/extensions/fxdriver@googlecode.com/components/command-processor.js:12779)
	at <anonymous class>.nsCommandProcessor.prototype.execute(file:///C:/Users/sathya/AppData/Local/Temp/anonymous2722947748584145833webdriver-profile/extensions/fxdriver@googlecode.com/components/command-processor.js:12676)
	at <anonymous class>.Dispatcher.executeAs/<(file:///C:/Users/sathya/AppData/Local/Temp/anonymous2722947748584145833webdriver-profile/extensions/fxdriver@googlecode.com/components/driver-component.js:9456)
	at <anonymous class>.Resource.prototype.handle(file:///C:/Users/sathya/AppData/Local/Temp/anonymous2722947748584145833webdriver-profile/extensions/fxdriver@googlecode.com/components/driver-component.js:9603)
	at <anonymous class>.Dispatcher.prototype.dispatch(file:///C:/Users/sathya/AppData/Local/Temp/anonymous2722947748584145833webdriver-profile/extensions/fxdriver@googlecode.com/components/driver-component.js:9550)
	at <anonymous class>.WebDriverServer/<.handle(file:///C:/Users/sathya/AppData/Local/Temp/anonymous2722947748584145833webdriver-profile/extensions/fxdriver@googlecode.com/components/driver-component.js:12497)
	at <anonymous class>.createHandlerFunc/<(file:///C:/Users/sathya/AppData/Local/Temp/anonymous2722947748584145833webdriver-profile/extensions/fxdriver@googlecode.com/components/httpd.js:2054)
	at <anonymous class>.ServerHandler.prototype.handleResponse(file:///C:/Users/sathya/AppData/Local/Temp/anonymous2722947748584145833webdriver-profile/extensions/fxdriver@googlecode.com/components/httpd.js:2387)
	at <anonymous class>.Connection.prototype.process(file:///C:/Users/sathya/AppData/Local/Temp/anonymous2722947748584145833webdriver-profile/extensions/fxdriver@googlecode.com/components/httpd.js:1223)
	at <anonymous class>.RequestReader.prototype._handleResponse(file:///C:/Users/sathya/AppData/Local/Temp/anonymous2722947748584145833webdriver-profile/extensions/fxdriver@googlecode.com/components/httpd.js:1677)
	at <anonymous class>.RequestReader.prototype._processBody(file:///C:/Users/sathya/AppData/Local/Temp/anonymous2722947748584145833webdriver-profile/extensions/fxdriver@googlecode.com/components/httpd.js:1525)
	at <anonymous class>.RequestReader.prototype.onInputStreamReady(file:///C:/Users/sathya/AppData/Local/Temp/anonymous2722947748584145833webdriver-profile/extensions/fxdriver@googlecode.com/components/httpd.js:1393)
	at <anonymous class>.exports.Utils.yield(resource://gre/modules/addons/XPIProvider.jsm -> jar:file:///C:/Users/sathya/AppData/Local/Temp/anonymous2722947748584145833webdriver-profile/extensions/%7Bd10d0bf8-f5b5-c8b4-a8b2-2b9879e08c5d%7D.xpi!/bootstrap.js -> jar:file:///C:/Users/sathya/AppData/Local/Temp/anonymous2722947748584145833webdriver-profile/extensions/%7Bd10d0bf8-f5b5-c8b4-a8b2-2b9879e08c5d%7D.xpi!/lib/utils.js:361)
	at <anonymous class>.INIParser.prototype.process(resource://gre/modules/addons/XPIProvider.jsm -> jar:file:///C:/Users/sathya/AppData/Local/Temp/anonymous2722947748584145833webdriver-profile/extensions/%7Bd10d0bf8-f5b5-c8b4-a8b2-2b9879e08c5d%7D.xpi!/bootstrap.js -> jar:file:///C:/Users/sathya/AppData/Local/Temp/anonymous2722947748584145833webdriver-profile/extensions/%7Bd10d0bf8-f5b5-c8b4-a8b2-2b9879e08c5d%7D.xpi!/lib/filterStorage.js:798)
	at <anonymous class>.exports.IO.readFromFile/onProgress(resource://gre/modules/addons/XPIProvider.jsm -> jar:file:///C:/Users/sathya/AppData/Local/Temp/anonymous2722947748584145833webdriver-profile/extensions/%7Bd10d0bf8-f5b5-c8b4-a8b2-2b9879e08c5d%7D.xpi!/bootstrap.js -> jar:file:///C:/Users/sathya/AppData/Local/Temp/anonymous2722947748584145833webdriver-profile/extensions/%7Bd10d0bf8-f5b5-c8b4-a8b2-2b9879e08c5d%7D.xpi!/lib/io.js:97)
	at <anonymous class>.exports.IO.readFromFile/<(resource://gre/modules/addons/XPIProvider.jsm -> jar:file:///C:/Users/sathya/AppData/Local/Temp/anonymous2722947748584145833webdriver-profile/extensions/%7Bd10d0bf8-f5b5-c8b4-a8b2-2b9879e08c5d%7D.xpi!/bootstrap.js -> jar:file:///C:/Users/sathya/AppData/Local/Temp/anonymous2722947748584145833webdriver-profile/extensions/%7Bd10d0bf8-f5b5-c8b4-a8b2-2b9879e08c5d%7D.xpi!/lib/io.js:182)
	at <anonymous class>.TaskImpl_run(resource://gre/modules/Task.jsm:314)
	at <anonymous class>.Handler.prototype.process(resource://gre/modules/Promise.jsm -> resource://gre/modules/Promise-backend.js:867)
	at <anonymous class>.this.PromiseWalker.walkerLoop(resource://gre/modules/Promise.jsm -> resource://gre/modules/Promise-backend.js:746)
	at <anonymous class>.this.PromiseWalker.scheduleWalkerLoop/<(resource://gre/modules/Promise.jsm -> resource://gre/modules/Promise-backend.js:688)
]]>
    </failure>
  </testcase> <!-- VerifyLogWithInvalidUser -->
  <testcase name="VerifyLogWithInvalidUserPwd" time="0.002" classname="Guru99Project.Guru99_Day_03">
    <failure type="org.openqa.selenium.WebDriverException" message="c is null
Command duration or timeout: 1.52 seconds
Build info: version: &#039;2.47.1&#039;, revision: &#039;411b314&#039;, time: &#039;2015-07-30 03:03:16&#039;
System info: host: &#039;RASHHAD-PC&#039;, ip: &#039;10.116.217.197&#039;, os.name: &#039;Windows 7&#039;, os.arch: &#039;x86&#039;, os.version: &#039;6.1&#039;, java.version: &#039;1.8.0_91&#039;
Driver info: org.openqa.selenium.firefox.FirefoxDriver">
      <![CDATA[org.openqa.selenium.WebDriverException: c is null
Command duration or timeout: 1.52 seconds
Build info: version: '2.47.1', revision: '411b314', time: '2015-07-30 03:03:16'
System info: host: 'RASHHAD-PC', ip: '10.116.217.197', os.name: 'Windows 7', os.arch: 'x86', os.version: '6.1', java.version: '1.8.0_91'
Driver info: org.openqa.selenium.firefox.FirefoxDriver
	at sun.reflect.NativeConstructorAccessorImpl.newInstance0(Native Method)
	at sun.reflect.NativeConstructorAccessorImpl.newInstance(Unknown Source)
	at sun.reflect.DelegatingConstructorAccessorImpl.newInstance(Unknown Source)
	at java.lang.reflect.Constructor.newInstance(Unknown Source)
	at org.openqa.selenium.remote.ErrorHandler.createThrowable(ErrorHandler.java:206)
	at org.openqa.selenium.remote.ErrorHandler.throwIfResponseFailed(ErrorHandler.java:158)
	at org.openqa.selenium.remote.RemoteWebDriver.execute(RemoteWebDriver.java:595)
	at org.openqa.selenium.remote.RemoteWebDriver.startSession(RemoteWebDriver.java:242)
	at org.openqa.selenium.remote.RemoteWebDriver.<init>(RemoteWebDriver.java:128)
	at org.openqa.selenium.firefox.FirefoxDriver.<init>(FirefoxDriver.java:223)
	at org.openqa.selenium.firefox.FirefoxDriver.<init>(FirefoxDriver.java:216)
	at org.openqa.selenium.firefox.FirefoxDriver.<init>(FirefoxDriver.java:212)
	at org.openqa.selenium.firefox.FirefoxDriver.<init>(FirefoxDriver.java:129)
	at Guru99Project.Guru99_Day_03.Profile(Guru99_Day_03.java:29)
	at sun.reflect.NativeMethodAccessorImpl.invoke0(Native Method)
	at sun.reflect.NativeMethodAccessorImpl.invoke(Unknown Source)
	at sun.reflect.DelegatingMethodAccessorImpl.invoke(Unknown Source)
	at java.lang.reflect.Method.invoke(Unknown Source)
	at org.testng.internal.MethodInvocationHelper.invokeMethod(MethodInvocationHelper.java:84)
	at org.testng.internal.Invoker.invokeConfigurationMethod(Invoker.java:564)
	at org.testng.internal.Invoker.invokeConfigurations(Invoker.java:213)
	at org.testng.internal.Invoker.invokeMethod(Invoker.java:653)
	at org.testng.internal.Invoker.invokeTestMethod(Invoker.java:901)
	at org.testng.internal.Invoker.invokeTestMethods(Invoker.java:1231)
	at org.testng.internal.TestMethodWorker.invokeTestMethods(TestMethodWorker.java:127)
	at org.testng.internal.TestMethodWorker.run(TestMethodWorker.java:111)
	at org.testng.TestRunner.privateRun(TestRunner.java:767)
	at org.testng.TestRunner.run(TestRunner.java:617)
	at org.testng.SuiteRunner.runTest(SuiteRunner.java:334)
	at org.testng.SuiteRunner.runSequentially(SuiteRunner.java:329)
	at org.testng.SuiteRunner.privateRun(SuiteRunner.java:291)
	at org.testng.SuiteRunner.run(SuiteRunner.java:240)
	at org.testng.SuiteRunnerWorker.runSuite(SuiteRunnerWorker.java:52)
	at org.testng.SuiteRunnerWorker.run(SuiteRunnerWorker.java:86)
	at org.testng.TestNG.runSuitesSequentially(TestNG.java:1224)
	at org.testng.TestNG.runSuitesLocally(TestNG.java:1149)
	at org.testng.TestNG.run(TestNG.java:1057)
	at org.testng.remote.AbstractRemoteTestNG.run(AbstractRemoteTestNG.java:126)
	at org.testng.remote.RemoteTestNG.initAndRun(RemoteTestNG.java:137)
	at org.testng.remote.RemoteTestNG.main(RemoteTestNG.java:58)
Caused by: org.openqa.selenium.WebDriverException: c is null
Build info: version: '2.47.1', revision: '411b314', time: '2015-07-30 03:03:16'
System info: host: 'RASHHAD-PC', ip: '10.116.217.197', os.name: 'Windows 7', os.arch: 'x86', os.version: '6.1', java.version: '1.8.0_91'
Driver info: driver.version: unknown
	at <anonymous class>.nsCommandProcessor.prototype.newSession(file:///C:/Users/sathya/AppData/Local/Temp/anonymous2722947748584145833webdriver-profile/extensions/fxdriver@googlecode.com/components/command-processor.js:12779)
	at <anonymous class>.nsCommandProcessor.prototype.execute(file:///C:/Users/sathya/AppData/Local/Temp/anonymous2722947748584145833webdriver-profile/extensions/fxdriver@googlecode.com/components/command-processor.js:12676)
	at <anonymous class>.Dispatcher.executeAs/<(file:///C:/Users/sathya/AppData/Local/Temp/anonymous2722947748584145833webdriver-profile/extensions/fxdriver@googlecode.com/components/driver-component.js:9456)
	at <anonymous class>.Resource.prototype.handle(file:///C:/Users/sathya/AppData/Local/Temp/anonymous2722947748584145833webdriver-profile/extensions/fxdriver@googlecode.com/components/driver-component.js:9603)
	at <anonymous class>.Dispatcher.prototype.dispatch(file:///C:/Users/sathya/AppData/Local/Temp/anonymous2722947748584145833webdriver-profile/extensions/fxdriver@googlecode.com/components/driver-component.js:9550)
	at <anonymous class>.WebDriverServer/<.handle(file:///C:/Users/sathya/AppData/Local/Temp/anonymous2722947748584145833webdriver-profile/extensions/fxdriver@googlecode.com/components/driver-component.js:12497)
	at <anonymous class>.createHandlerFunc/<(file:///C:/Users/sathya/AppData/Local/Temp/anonymous2722947748584145833webdriver-profile/extensions/fxdriver@googlecode.com/components/httpd.js:2054)
	at <anonymous class>.ServerHandler.prototype.handleResponse(file:///C:/Users/sathya/AppData/Local/Temp/anonymous2722947748584145833webdriver-profile/extensions/fxdriver@googlecode.com/components/httpd.js:2387)
	at <anonymous class>.Connection.prototype.process(file:///C:/Users/sathya/AppData/Local/Temp/anonymous2722947748584145833webdriver-profile/extensions/fxdriver@googlecode.com/components/httpd.js:1223)
	at <anonymous class>.RequestReader.prototype._handleResponse(file:///C:/Users/sathya/AppData/Local/Temp/anonymous2722947748584145833webdriver-profile/extensions/fxdriver@googlecode.com/components/httpd.js:1677)
	at <anonymous class>.RequestReader.prototype._processBody(file:///C:/Users/sathya/AppData/Local/Temp/anonymous2722947748584145833webdriver-profile/extensions/fxdriver@googlecode.com/components/httpd.js:1525)
	at <anonymous class>.RequestReader.prototype.onInputStreamReady(file:///C:/Users/sathya/AppData/Local/Temp/anonymous2722947748584145833webdriver-profile/extensions/fxdriver@googlecode.com/components/httpd.js:1393)
	at <anonymous class>.exports.Utils.yield(resource://gre/modules/addons/XPIProvider.jsm -> jar:file:///C:/Users/sathya/AppData/Local/Temp/anonymous2722947748584145833webdriver-profile/extensions/%7Bd10d0bf8-f5b5-c8b4-a8b2-2b9879e08c5d%7D.xpi!/bootstrap.js -> jar:file:///C:/Users/sathya/AppData/Local/Temp/anonymous2722947748584145833webdriver-profile/extensions/%7Bd10d0bf8-f5b5-c8b4-a8b2-2b9879e08c5d%7D.xpi!/lib/utils.js:361)
	at <anonymous class>.INIParser.prototype.process(resource://gre/modules/addons/XPIProvider.jsm -> jar:file:///C:/Users/sathya/AppData/Local/Temp/anonymous2722947748584145833webdriver-profile/extensions/%7Bd10d0bf8-f5b5-c8b4-a8b2-2b9879e08c5d%7D.xpi!/bootstrap.js -> jar:file:///C:/Users/sathya/AppData/Local/Temp/anonymous2722947748584145833webdriver-profile/extensions/%7Bd10d0bf8-f5b5-c8b4-a8b2-2b9879e08c5d%7D.xpi!/lib/filterStorage.js:798)
	at <anonymous class>.exports.IO.readFromFile/onProgress(resource://gre/modules/addons/XPIProvider.jsm -> jar:file:///C:/Users/sathya/AppData/Local/Temp/anonymous2722947748584145833webdriver-profile/extensions/%7Bd10d0bf8-f5b5-c8b4-a8b2-2b9879e08c5d%7D.xpi!/bootstrap.js -> jar:file:///C:/Users/sathya/AppData/Local/Temp/anonymous2722947748584145833webdriver-profile/extensions/%7Bd10d0bf8-f5b5-c8b4-a8b2-2b9879e08c5d%7D.xpi!/lib/io.js:97)
	at <anonymous class>.exports.IO.readFromFile/<(resource://gre/modules/addons/XPIProvider.jsm -> jar:file:///C:/Users/sathya/AppData/Local/Temp/anonymous2722947748584145833webdriver-profile/extensions/%7Bd10d0bf8-f5b5-c8b4-a8b2-2b9879e08c5d%7D.xpi!/bootstrap.js -> jar:file:///C:/Users/sathya/AppData/Local/Temp/anonymous2722947748584145833webdriver-profile/extensions/%7Bd10d0bf8-f5b5-c8b4-a8b2-2b9879e08c5d%7D.xpi!/lib/io.js:182)
	at <anonymous class>.TaskImpl_run(resource://gre/modules/Task.jsm:314)
	at <anonymous class>.Handler.prototype.process(resource://gre/modules/Promise.jsm -> resource://gre/modules/Promise-backend.js:867)
	at <anonymous class>.this.PromiseWalker.walkerLoop(resource://gre/modules/Promise.jsm -> resource://gre/modules/Promise-backend.js:746)
	at <anonymous class>.this.PromiseWalker.scheduleWalkerLoop/<(resource://gre/modules/Promise.jsm -> resource://gre/modules/Promise-backend.js:688)
]]>
    </failure>
  </testcase> <!-- VerifyLogWithInvalidUserPwd -->
</testsuite> <!-- Guru99Project.Guru99_Day_03 -->
